#
# A fatal error has been detected by the Java Runtime Environment:
#
#  SIGSEGV (0xb) at pc=0x00007f4fb0ef8039, pid=8096, tid=0x00007f4f98b55700
#
# JRE version: Java(TM) SE Runtime Environment (8.0_121-b13) (build 1.8.0_121-b13)
# Java VM: Java HotSpot(TM) 64-Bit Server VM (25.121-b13 mixed mode linux-amd64 compressed oops)
# Problematic frame:
# V  [libjvm.so+0x8f4039]  Node::disconnect_inputs(Node*, Compile*)+0xc9
#
# Failed to write core dump. Core dumps have been disabled. To enable core dumping, try "ulimit -c unlimited" before starting Java again
#
# If you would like to submit a bug report, please visit:
#   http://bugreport.java.com/bugreport/crash.jsp
#

---------------  T H R E A D  ---------------

Current thread (0x00007f4fac0b9000):  JavaThread "C2 CompilerThread0" daemon [_thread_in_native, id=8112, stack(0x00007f4f98a55000,0x00007f4f98b56000)]

siginfo: si_signo: 11 (SIGSEGV), si_code: 1 (SEGV_MAPERR), si_addr: 0x0000000800000010

Registers:
RAX=0x0000000000000003, RBX=0x0000000000000000, RCX=0x0000000800000000, RDX=0x00007f4f6c84fd68
RSP=0x00007f4f98b51570, RBP=0x00007f4f98b51590, RSI=0x0000000000000010, RDI=0x00007f4f6c84fd10
R8 =0x00007f4fad762770, R9 =0x0000000000000010, R10=0x0000000000000010, R11=0x0000000000000020
R12=0x0000000000000000, R13=0x00007f4f98b53ec0, R14=0x00007f4f98b53030, R15=0x0000000000000001
RIP=0x00007f4fb0ef8039, EFLAGS=0x0000000000010206, CSGSFS=0x0000000000000033, ERR=0x0000000000000004
  TRAPNO=0x000000000000000e

Top of Stack: (sp=0x00007f4f98b51570)
0x00007f4f98b51570:   00007f4f6c84fd10 0000000000000002
0x00007f4f98b51580:   00007f4f6c84fd10 00007f4f98b53160
0x00007f4f98b51590:   00007f4f98b515f0 00007f4fb0f78035
0x00007f4f98b515a0:   00007f4f6c84fd10 00007f4fad762730
0x00007f4f98b515b0:   00007f4fad762770 00007f4f6c6ca8e0
0x00007f4f98b515c0:   00007f4f6c84fd10 00007f4f6c84fd10
0x00007f4f98b515d0:   0000000000000000 0000000000000002
0x00007f4f98b515e0:   00000000000000cf 0000000000000006
0x00007f4f98b515f0:   00007f4f98b51780 00007f4fb0f79a4d
0x00007f4f98b51600:   00007f4f00000001 00007f4fffffffff
0x00007f4f98b51610:   0000000000000000 0000000000000000
0x00007f4f98b51620:   00007f4f00000001 00007f4f98b51730
0x00007f4f98b51630:   0000000000000016 0000000000077f20
0x00007f4f98b51640:   000000000006a5c8 00007f4f98b53030
0x00007f4f98b51650:   00007f4fad840440 00007f4f74488bb0
0x00007f4f98b51660:   0000015a98b51670 00007f4f6c6ca8e0
0x00007f4f98b51670:   0000117900000000 00007f4f6c6caa30
0x00007f4f98b51680:   00007f4fad762730 00007f4fad762770
0x00007f4f98b51690:   00007f4f6c84fd10 0000000700000001
0x00007f4f98b516a0:   00007f4fad840010 00007f4fad840440
0x00007f4f98b516b0:   00007f4fad847ff8 00007f4fac0b9ae0
0x00007f4f98b516c0:   0000000000337408 0000000100000006
0x00007f4f98b516d0:   0000000000000000 0000000000000000
0x00007f4f98b516e0:   0000000000000000 0000000000000000
0x00007f4f98b516f0:   0000000000000000 00007f4f98b51710
0x00007f4f98b51700:   000000000027d260 000000000000752f
0x00007f4f98b51710:   0000117900000000 00007f4f00000008
0x00007f4f98b51720:   00007f4fad84f7a0 00007f4f00000001
0x00007f4f98b51730:   0000001000000000 0000000000000000
0x00007f4f98b51740:   00007f4f00000007 00007f4f7448ceb0
0x00007f4f98b51750:   00007f4f75b749e0 00007f4f7563bcd8
0x00007f4f98b51760:   0000000000003fb8 00000000000000a0 

Instructions: (pc=0x00007f4fb0ef8039)
0x00007f4fb0ef8019:   c9 0f 84 78 00 00 00 8d 41 ff 45 31 c9 4c 8d 1c
0x00007f4fb0ef8029:   c5 08 00 00 00 66 90 4a 8b 0c 0a 48 85 c9 74 4c
0x00007f4fb0ef8039:   4c 8b 41 10 31 c0 49 39 cc 0f 94 c0 01 c3 4d 85
0x00007f4fb0ef8049:   c0 74 31 44 8b 51 20 44 89 d0 49 8d 14 c0 66 0f 

Register to memory mapping:

RAX=0x0000000000000003 is an unknown value
RBX=0x0000000000000000 is an unknown value
RCX=0x0000000800000000 is an unknown value
RDX=0x00007f4f6c84fd68 is an unknown value
RSP=0x00007f4f98b51570 is pointing into the stack for thread: 0x00007f4fac0b9000
RBP=0x00007f4f98b51590 is pointing into the stack for thread: 0x00007f4fac0b9000
RSI=0x0000000000000010 is an unknown value
RDI=0x00007f4f6c84fd10 is an unknown value
R8 =0x00007f4fad762770 is an unknown value
R9 =0x0000000000000010 is an unknown value
R10=0x0000000000000010 is an unknown value
R11=0x0000000000000020 is an unknown value
R12=0x0000000000000000 is an unknown value
R13=0x00007f4f98b53ec0 is pointing into the stack for thread: 0x00007f4fac0b9000
R14=0x00007f4f98b53030 is pointing into the stack for thread: 0x00007f4fac0b9000
R15=0x0000000000000001 is an unknown value


Stack: [0x00007f4f98a55000,0x00007f4f98b56000],  sp=0x00007f4f98b51570,  free space=1009k
Native frames: (J=compiled Java code, j=interpreted, Vv=VM code, C=native code)
V  [libjvm.so+0x8f4039]  Node::disconnect_inputs(Node*, Compile*)+0xc9
V  [libjvm.so+0x974035]  PhaseChaitin::yank_if_dead_recurse(Node*, Node*, Block*, Node_List*, Node_List*)+0x165
V  [libjvm.so+0x975a4d]  PhaseChaitin::post_allocate_copy_removal()+0xeed
V  [libjvm.so+0x40f4c8]  PhaseChaitin::Register_Allocate()+0x1108
V  [libjvm.so+0x4a30e0]  Compile::Code_Gen()+0x260
V  [libjvm.so+0x4a5961]  Compile::Compile(ciEnv*, C2Compiler*, ciMethod*, int, bool, bool, bool)+0x14b1
V  [libjvm.so+0x3f2615]  C2Compiler::compile_method(ciEnv*, ciMethod*, int)+0x1f5
V  [libjvm.so+0x4afeaa]  CompileBroker::invoke_compiler_on_method(CompileTask*)+0xc9a
V  [libjvm.so+0x4b0e56]  CompileBroker::compiler_thread_loop()+0x5d6
V  [libjvm.so+0xa75543]  JavaThread::thread_main_inner()+0x103
V  [libjvm.so+0xa7568c]  JavaThread::run()+0x11c
V  [libjvm.so+0x926268]  java_start(Thread*)+0x108
C  [libpthread.so.0+0x8184]  start_thread+0xc4


Current CompileTask:
C2:   7670 1054   !   4       java.net.URLClassLoader$1::run (63 bytes)


---------------  P R O C E S S  ---------------

Java Threads: ( => current thread )
  0x00007f4fad0fd800 JavaThread "pool-1-thread-1" [_thread_blocked, id=8117, stack(0x00007f4f5e926000,0x00007f4f5ea27000)]
  0x00007f4fac0c1000 JavaThread "Service Thread" daemon [_thread_blocked, id=8115, stack(0x00007f4f98752000,0x00007f4f98853000)]
  0x00007f4fac0be000 JavaThread "C1 CompilerThread2" daemon [_thread_in_vm, id=8114, stack(0x00007f4f98853000,0x00007f4f98954000)]
  0x00007f4fac0bc000 JavaThread "C2 CompilerThread1" daemon [_thread_in_native, id=8113, stack(0x00007f4f98954000,0x00007f4f98a55000)]
=>0x00007f4fac0b9000 JavaThread "C2 CompilerThread0" daemon [_thread_in_native, id=8112, stack(0x00007f4f98a55000,0x00007f4f98b56000)]
  0x00007f4fac0b7800 JavaThread "Signal Dispatcher" daemon [_thread_blocked, id=8111, stack(0x00007f4f98b56000,0x00007f4f98c57000)]
  0x00007f4fac084000 JavaThread "Finalizer" daemon [_thread_blocked, id=8110, stack(0x00007f4f9933a000,0x00007f4f9943b000)]
  0x00007f4fac07f000 JavaThread "Reference Handler" daemon [_thread_blocked, id=8109, stack(0x00007f4f9943b000,0x00007f4f9953c000)]
  0x00007f4fac009800 JavaThread "main" [_thread_in_vm, id=8103, stack(0x00007f4fb20f7000,0x00007f4fb21f8000)]

Other Threads:
  0x00007f4fac077800 VMThread [stack: 0x00007f4f9953c000,0x00007f4f9963d000] [id=8108]
  0x00007f4fac0c4000 WatcherThread [stack: 0x00007f4f98651000,0x00007f4f98752000] [id=8116]

VM state:not at safepoint (normal execution)

VM Mutex/Monitor currently owned by a thread: None

Heap:
 PSYoungGen      total 67584K, used 11478K [0x00000000d7780000, 0x00000000dbe80000, 0x0000000100000000)
  eden space 62464K, 10% used [0x00000000d7780000,0x00000000d7db9978,0x00000000db480000)
  from space 5120K, 99% used [0x00000000db980000,0x00000000dbe7c020,0x00000000dbe80000)
  to   space 5120K, 0% used [0x00000000db480000,0x00000000db480000,0x00000000db980000)
 ParOldGen       total 83456K, used 7549K [0x0000000086600000, 0x000000008b780000, 0x00000000d7780000)
  object space 83456K, 9% used [0x0000000086600000,0x0000000086d5f738,0x000000008b780000)
 Metaspace       used 20267K, capacity 20492K, committed 20608K, reserved 1067008K
  class space    used 2786K, capacity 2865K, committed 2944K, reserved 1048576K

Card table byte_map: [0x00007f4f9b9e2000,0x00007f4f9bdb0000] byte_map_base: 0x00007f4f9b5af000

Marking Bits: (ParMarkBitMap*) 0x00007f4fb15c8c80
 Begin Bits: [0x00007f4f84330000, 0x00007f4f86198000)
 End Bits:   [0x00007f4f86198000, 0x00007f4f88000000)

Polling page: 0x00007f4fb2215000

CodeCache: size=245760Kb used=5609Kb max_used=5624Kb free=240150Kb
 bounds [0x00007f4f9c170000, 0x00007f4f9c700000, 0x00007f4fab170000]
 total_blobs=1950 nmethods=1358 adapters=506
 compilation: enabled

Compilation events (10 events):
Event: 7,627 Thread 0x00007f4fac0be000 1363  s!   2       java.beans.PropertyDescriptor::getPropertyType (33 bytes)
Event: 7,629 Thread 0x00007f4fac0be000 nmethod 1363 0x00007f4f9c6e2850 code [0x00007f4f9c6e2a00, 0x00007f4f9c6e2f08]
Event: 7,629 Thread 0x00007f4fac0bc000 nmethod 1213 0x00007f4f9c6e21d0 code [0x00007f4f9c6e2340, 0x00007f4f9c6e25b8]
Event: 7,629 Thread 0x00007f4fac0bc000 1217 %     4       sun.misc.URLClassPath::getResource @ 46 (83 bytes)
Event: 7,634 Thread 0x00007f4fac0be000 1364       2       java.util.concurrent.locks.ReentrantLock::unlock (10 bytes)
Event: 7,635 Thread 0x00007f4fac0be000 nmethod 1364 0x00007f4f9c6e5bd0 code [0x00007f4f9c6e5d40, 0x00007f4f9c6e5f18]
Event: 7,637 Thread 0x00007f4fac0be000 1365       2       org.codehaus.groovy.runtime.metaclass.MetaMethodIndex::getHeader (38 bytes)
Event: 7,638 Thread 0x00007f4fac0be000 nmethod 1365 0x00007f4f9c6e5590 code [0x00007f4f9c6e5720, 0x00007f4f9c6e59d8]
Event: 7,645 Thread 0x00007f4fac0be000 1366       2       com.google.common.base.Equivalence::hash (12 bytes)
Event: 7,646 Thread 0x00007f4fac0be000 nmethod 1366 0x00007f4f9c6e5210 code [0x00007f4f9c6e5380, 0x00007f4f9c6e5508]

GC Heap History (8 events):
Event: 2,134 GC heap before
{Heap before GC invocations=1 (full 0):
 PSYoungGen      total 36352K, used 31232K [0x00000000d7780000, 0x00000000da000000, 0x0000000100000000)
  eden space 31232K, 100% used [0x00000000d7780000,0x00000000d9600000,0x00000000d9600000)
  from space 5120K, 0% used [0x00000000d9b00000,0x00000000d9b00000,0x00000000da000000)
  to   space 5120K, 0% used [0x00000000d9600000,0x00000000d9600000,0x00000000d9b00000)
 ParOldGen       total 83456K, used 0K [0x0000000086600000, 0x000000008b780000, 0x00000000d7780000)
  object space 83456K, 0% used [0x0000000086600000,0x0000000086600000,0x000000008b780000)
 Metaspace       used 8047K, capacity 8240K, committed 8320K, reserved 1056768K
  class space    used 1060K, capacity 1152K, committed 1152K, reserved 1048576K
Event: 2,147 GC heap after
Heap after GC invocations=1 (full 0):
 PSYoungGen      total 36352K, used 4857K [0x00000000d7780000, 0x00000000da000000, 0x0000000100000000)
  eden space 31232K, 0% used [0x00000000d7780000,0x00000000d7780000,0x00000000d9600000)
  from space 5120K, 94% used [0x00000000d9600000,0x00000000d9abe728,0x00000000d9b00000)
  to   space 5120K, 0% used [0x00000000d9b00000,0x00000000d9b00000,0x00000000da000000)
 ParOldGen       total 83456K, used 8K [0x0000000086600000, 0x000000008b780000, 0x00000000d7780000)
  object space 83456K, 0% used [0x0000000086600000,0x0000000086602000,0x000000008b780000)
 Metaspace       used 8047K, capacity 8240K, committed 8320K, reserved 1056768K
  class space    used 1060K, capacity 1152K, committed 1152K, reserved 1048576K
}
Event: 3,253 GC heap before
{Heap before GC invocations=2 (full 0):
 PSYoungGen      total 36352K, used 36089K [0x00000000d7780000, 0x00000000da000000, 0x0000000100000000)
  eden space 31232K, 100% used [0x00000000d7780000,0x00000000d9600000,0x00000000d9600000)
  from space 5120K, 94% used [0x00000000d9600000,0x00000000d9abe728,0x00000000d9b00000)
  to   space 5120K, 0% used [0x00000000d9b00000,0x00000000d9b00000,0x00000000da000000)
 ParOldGen       total 83456K, used 8K [0x0000000086600000, 0x000000008b780000, 0x00000000d7780000)
  object space 83456K, 0% used [0x0000000086600000,0x0000000086602000,0x000000008b780000)
 Metaspace       used 10691K, capacity 10984K, committed 11136K, reserved 1058816K
  class space    used 1477K, capacity 1576K, committed 1664K, reserved 1048576K
Event: 3,268 GC heap after
Heap after GC invocations=2 (full 0):
 PSYoungGen      total 36352K, used 4971K [0x00000000d7780000, 0x00000000da000000, 0x0000000100000000)
  eden space 31232K, 0% used [0x00000000d7780000,0x00000000d7780000,0x00000000d9600000)
  from space 5120K, 97% used [0x00000000d9b00000,0x00000000d9fdae18,0x00000000da000000)
  to   space 5120K, 0% used [0x00000000d9600000,0x00000000d9600000,0x00000000d9b00000)
 ParOldGen       total 83456K, used 16K [0x0000000086600000, 0x000000008b780000, 0x00000000d7780000)
  object space 83456K, 0% used [0x0000000086600000,0x0000000086604000,0x000000008b780000)
 Metaspace       used 10691K, capacity 10984K, committed 11136K, reserved 1058816K
  class space    used 1477K, capacity 1576K, committed 1664K, reserved 1048576K
}
Event: 5,340 GC heap before
{Heap before GC invocations=3 (full 0):
 PSYoungGen      total 36352K, used 36203K [0x00000000d7780000, 0x00000000da000000, 0x0000000100000000)
  eden space 31232K, 100% used [0x00000000d7780000,0x00000000d9600000,0x00000000d9600000)
  from space 5120K, 97% used [0x00000000d9b00000,0x00000000d9fdae18,0x00000000da000000)
  to   space 5120K, 0% used [0x00000000d9600000,0x00000000d9600000,0x00000000d9b00000)
 ParOldGen       total 83456K, used 16K [0x0000000086600000, 0x000000008b780000, 0x00000000d7780000)
  object space 83456K, 0% used [0x0000000086600000,0x0000000086604000,0x000000008b780000)
 Metaspace       used 16808K, capacity 17070K, committed 17280K, reserved 1064960K
  class space    used 2313K, capacity 2410K, committed 2432K, reserved 1048576K
Event: 5,373 GC heap after
Heap after GC invocations=3 (full 0):
 PSYoungGen      total 36352K, used 5104K [0x00000000d7780000, 0x00000000dbe80000, 0x0000000100000000)
  eden space 31232K, 0% used [0x00000000d7780000,0x00000000d7780000,0x00000000d9600000)
  from space 5120K, 99% used [0x00000000d9600000,0x00000000d9afc010,0x00000000d9b00000)
  to   space 5120K, 0% used [0x00000000db980000,0x00000000db980000,0x00000000dbe80000)
 ParOldGen       total 83456K, used 3747K [0x0000000086600000, 0x000000008b780000, 0x00000000d7780000)
  object space 83456K, 4% used [0x0000000086600000,0x00000000869a8f78,0x000000008b780000)
 Metaspace       used 16808K, capacity 17070K, committed 17280K, reserved 1064960K
  class space    used 2313K, capacity 2410K, committed 2432K, reserved 1048576K
}
Event: 7,331 GC heap before
{Heap before GC invocations=4 (full 0):
 PSYoungGen      total 36352K, used 36336K [0x00000000d7780000, 0x00000000dbe80000, 0x0000000100000000)
  eden space 31232K, 100% used [0x00000000d7780000,0x00000000d9600000,0x00000000d9600000)
  from space 5120K, 99% used [0x00000000d9600000,0x00000000d9afc010,0x00000000d9b00000)
  to   space 5120K, 0% used [0x00000000db980000,0x00000000db980000,0x00000000dbe80000)
 ParOldGen       total 83456K, used 3747K [0x0000000086600000, 0x000000008b780000, 0x00000000d7780000)
  object space 83456K, 4% used [0x0000000086600000,0x00000000869a8f78,0x000000008b780000)
 Metaspace       used 19990K, capacity 20218K, committed 20480K, reserved 1067008K
  class space    used 2727K, capacity 2796K, committed 2816K, reserved 1048576K
Event: 7,402 GC heap after
Heap after GC invocations=4 (full 0):
 PSYoungGen      total 67584K, used 5104K [0x00000000d7780000, 0x00000000dbe80000, 0x0000000100000000)
  eden space 62464K, 0% used [0x00000000d7780000,0x00000000d7780000,0x00000000db480000)
  from space 5120K, 99% used [0x00000000db980000,0x00000000dbe7c020,0x00000000dbe80000)
  to   space 5120K, 0% used [0x00000000db480000,0x00000000db480000,0x00000000db980000)
 ParOldGen       total 83456K, used 7549K [0x0000000086600000, 0x000000008b780000, 0x00000000d7780000)
  object space 83456K, 9% used [0x0000000086600000,0x0000000086d5f738,0x000000008b780000)
 Metaspace       used 19990K, capacity 20218K, committed 20480K, reserved 1067008K
  class space    used 2727K, capacity 2796K, committed 2816K, reserved 1048576K
}

Deoptimization events (10 events):
Event: 6,458 Thread 0x00007f4fac009800 Uncommon trap: reason=unstable_if action=reinterpret pc=0x00007f4f9c39b1e0 method=java.util.HashMap.getNode(ILjava/lang/Object;)Ljava/util/HashMap$Node; @ 53
Event: 6,458 Thread 0x00007f4fac009800 Uncommon trap: reason=unstable_if action=reinterpret pc=0x00007f4f9c407c78 method=java.util.HashMap.hash(Ljava/lang/Object;)I @ 1
Event: 6,458 Thread 0x00007f4fac009800 Uncommon trap: reason=unstable_if action=reinterpret pc=0x00007f4f9c3bd9e4 method=java.util.HashMap.putVal(ILjava/lang/Object;Ljava/lang/Object;ZZ)Ljava/lang/Object; @ 85
Event: 6,543 Thread 0x00007f4fac009800 Uncommon trap: reason=class_check action=maybe_recompile pc=0x00007f4f9c4a4e84 method=java.lang.reflect.Method.equals(Ljava/lang/Object;)Z @ 5
Event: 6,557 Thread 0x00007f4fac009800 Uncommon trap: reason=class_check action=maybe_recompile pc=0x00007f4f9c4a4e84 method=java.lang.reflect.Method.equals(Ljava/lang/Object;)Z @ 5
Event: 6,888 Thread 0x00007f4fac009800 Uncommon trap: reason=unstable_if action=reinterpret pc=0x00007f4f9c429874 method=java.util.LinkedHashMap.afterNodeInsertion(Z)V @ 1
Event: 6,998 Thread 0x00007f4fac009800 Uncommon trap: reason=class_check action=maybe_recompile pc=0x00007f4f9c4a4e84 method=java.lang.reflect.Method.equals(Ljava/lang/Object;)Z @ 5
Event: 7,001 Thread 0x00007f4fac009800 Uncommon trap: reason=class_check action=maybe_recompile pc=0x00007f4f9c4a4e84 method=java.lang.reflect.Method.equals(Ljava/lang/Object;)Z @ 5
Event: 7,576 Thread 0x00007f4fac009800 Uncommon trap: reason=class_check action=maybe_recompile pc=0x00007f4f9c477f68 method=sun.misc.URLClassPath.getLoader(I)Lsun/misc/URLClassPath$Loader; @ 94
Event: 7,595 Thread 0x00007f4fac009800 Uncommon trap: reason=class_check action=maybe_recompile pc=0x00007f4f9c492738 method=sun.misc.URLClassPath.getLoader(I)Lsun/misc/URLClassPath$Loader; @ 239

Internal exceptions (10 events):
Event: 6,166 Thread 0x00007f4fac009800 Implicit null exception at 0x00007f4f9c39ef6f to 0x00007f4f9c39efd9
Event: 6,458 Thread 0x00007f4fac009800 Implicit null exception at 0x00007f4f9c40763b to 0x00007f4f9c407c65
Event: 6,458 Thread 0x00007f4fac009800 Implicit null exception at 0x00007f4f9c3bd68b to 0x00007f4f9c3bd9c5
Event: 7,602 Thread 0x00007f4fac009800 Exception <a 'java/lang/ClassNotFoundException': build_f3780ehfo2mr0v531oxtaj9ibBeanInfo> (0x00000000d7acb978) thrown at [/HUDSON3/workspace/8-2-build-linux-amd64/jdk8u121/8372/hotspot/src/share/vm/classfile/systemDictionary.cpp, line 210]
Event: 7,603 Thread 0x00007f4fac009800 Exception <a 'java/lang/ClassNotFoundException': org/gradle/api/internal/project/ProjectScriptBeanInfo> (0x00000000d7ad9e80) thrown at [/HUDSON3/workspace/8-2-build-linux-amd64/jdk8u121/8372/hotspot/src/share/vm/classfile/systemDictionary.cpp, line 210]
Event: 7,604 Thread 0x00007f4fac009800 Exception <a 'java/lang/ClassNotFoundException': org/gradle/api/internal/project/ProjectScriptCustomizer> (0x00000000d7ae8718) thrown at [/HUDSON3/workspace/8-2-build-linux-amd64/jdk8u121/8372/hotspot/src/share/vm/classfile/systemDictionary.cpp, line 210]
Event: 7,618 Thread 0x00007f4fac009800 Exception <a 'java/lang/ClassNotFoundException': build_f3780ehfo2mr0v531oxtaj9ibCustomizer> (0x00000000d7b05e48) thrown at [/HUDSON3/workspace/8-2-build-linux-amd64/jdk8u121/8372/hotspot/src/share/vm/classfile/systemDictionary.cpp, line 210]
Event: 7,643 Thread 0x00007f4fac009800 Exception <a 'java/lang/ClassNotFoundException': groovy/lang/Closure$1BeanInfo> (0x00000000d7b4df10) thrown at [/HUDSON3/workspace/8-2-build-linux-amd64/jdk8u121/8372/hotspot/src/share/vm/classfile/systemDictionary.cpp, line 210]
Event: 7,644 Thread 0x00007f4fac009800 Exception <a 'java/lang/ClassNotFoundException': groovy/lang/ClosureBeanInfo> (0x00000000d7b61b90) thrown at [/HUDSON3/workspace/8-2-build-linux-amd64/jdk8u121/8372/hotspot/src/share/vm/classfile/systemDictionary.cpp, line 210]
Event: 7,647 Thread 0x00007f4fac009800 Exception <a 'java/lang/ClassNotFoundException': groovy/lang/ClosureCustomizer> (0x00000000d7b75fb8) thrown at [/HUDSON3/workspace/8-2-build-linux-amd64/jdk8u121/8372/hotspot/src/share/vm/classfile/systemDictionary.cpp, line 210]

Events (10 events):
Event: 7,644 loading class groovy/lang/ClosureBeanInfo
Event: 7,644 loading class groovy/lang/ClosureBeanInfo done
Event: 7,645 loading class groovy/lang/ClosureCustomizer
Event: 7,645 loading class groovy/lang/ClosureCustomizer done
Event: 7,646 loading class groovy/lang/ClosureCustomizer
Event: 7,646 loading class groovy/lang/ClosureCustomizer done
Event: 7,646 loading class groovy/lang/ClosureCustomizer
Event: 7,646 loading class groovy/lang/ClosureCustomizer done
Event: 7,647 loading class groovy/lang/ClosureCustomizer
Event: 7,647 loading class groovy/lang/ClosureCustomizer done


Dynamic libraries:
00400000-00401000 r-xp 00000000 08:07 538586                             /usr/lib/jvm/java-8-oracle/bin/java
00600000-00601000 rw-p 00000000 08:07 538586                             /usr/lib/jvm/java-8-oracle/bin/java
020cc000-020ed000 rw-p 00000000 00:00 0                                  [heap]
86600000-8b780000 rw-p 00000000 00:00 0 
8b780000-d7780000 ---p 00000000 00:00 0 
d7780000-dbe80000 rw-p 00000000 00:00 0 
dbe80000-100000000 ---p 00000000 00:00 0 
100000000-1002e0000 rw-p 00000000 00:00 0 
1002e0000-140000000 ---p 00000000 00:00 0 
7f4f58000000-7f4f58021000 rw-p 00000000 00:00 0 
7f4f58021000-7f4f5c000000 ---p 00000000 00:00 0 
7f4f5e312000-7f4f5e452000 rw-p 00000000 00:00 0 
7f4f5e452000-7f4f5e512000 ---p 00000000 00:00 0 
7f4f5e724000-7f4f5e926000 rw-p 00000000 00:00 0 
7f4f5e926000-7f4f5e929000 ---p 00000000 00:00 0 
7f4f5e929000-7f4f5ec27000 rw-p 00000000 00:00 0 
7f4f5ec27000-7f4f5ee27000 rw-p 00000000 00:00 0 
7f4f5ee27000-7f4f5eea1000 r--s 010f6000 08:07 536996                     /usr/lib/jvm/java-8-oracle/lib/tools.jar
7f4f5eea1000-7f4f5f0a1000 rw-p 00000000 00:00 0 
7f4f5f0a1000-7f4f5f0a3000 r--s 00007000 08:07 3700491                    /home/maulana/.gradle/wrapper/dists/gradle-2.14.1-all/8bnwg5hd3w55iofp58khbp6yv/gradle-2.14.1/lib/plugins/gradle-tooling-api-builders-2.14.1.jar
7f4f5f0a3000-7f4f5f0a6000 r--s 00008000 08:07 3700484                    /home/maulana/.gradle/wrapper/dists/gradle-2.14.1-all/8bnwg5hd3w55iofp58khbp6yv/gradle-2.14.1/lib/plugins/gradle-testing-native-2.14.1.jar
7f4f5f0a6000-7f4f5f0a8000 r--s 00009000 08:07 3700563                    /home/maulana/.gradle/wrapper/dists/gradle-2.14.1-all/8bnwg5hd3w55iofp58khbp6yv/gradle-2.14.1/lib/plugins/hamcrest-core-1.3.jar
7f4f5f0a8000-7f4f5f0ae000 r--s 00033000 08:07 3700557                    /home/maulana/.gradle/wrapper/dists/gradle-2.14.1-all/8bnwg5hd3w55iofp58khbp6yv/gradle-2.14.1/lib/plugins/snakeyaml-1.6.jar
7f4f5f0ae000-7f4f5f0b0000 r--s 00006000 08:07 3700556                    /home/maulana/.gradle/wrapper/dists/gradle-2.14.1-all/8bnwg5hd3w55iofp58khbp6yv/gradle-2.14.1/lib/plugins/jcommander-1.12.jar
7f4f5f0b0000-7f4f5f0b5000 r--s 00040000 08:07 3700555                    /home/maulana/.gradle/wrapper/dists/gradle-2.14.1-all/8bnwg5hd3w55iofp58khbp6yv/gradle-2.14.1/lib/plugins/bsh-2.0b4.jar
7f4f5f0b5000-7f4f5f0be000 r--s 00089000 08:07 3700514                    /home/maulana/.gradle/wrapper/dists/gradle-2.14.1-all/8bnwg5hd3w55iofp58khbp6yv/gradle-2.14.1/lib/plugins/testng-6.3.1.jar
7f4f5f0be000-7f4f5f0c6000 r--s 00045000 08:07 3700513                    /home/maulana/.gradle/wrapper/dists/gradle-2.14.1-all/8bnwg5hd3w55iofp58khbp6yv/gradle-2.14.1/lib/plugins/junit-4.12.jar
7f4f5f0c6000-7f4f5f0cc000 r--s 0002e000 08:07 3700485                    /home/maulana/.gradle/wrapper/dists/gradle-2.14.1-all/8bnwg5hd3w55iofp58khbp6yv/gradle-2.14.1/lib/plugins/gradle-testing-jvm-2.14.1.jar
7f4f5f0cc000-7f4f5f0d1000 r--s 00015000 08:07 3700483                    /home/maulana/.gradle/wrapper/dists/gradle-2.14.1-all/8bnwg5hd3w55iofp58khbp6yv/gradle-2.14.1/lib/plugins/gradle-testing-base-2.14.1.jar
7f4f5f0d1000-7f4f5f0d2000 r--s 00002000 08:07 3700507                    /home/maulana/.gradle/wrapper/dists/gradle-2.14.1-all/8bnwg5hd3w55iofp58khbp6yv/gradle-2.14.1/lib/plugins/sonar-batch-bootstrapper-2.9.jar
7f4f5f0d2000-7f4f5f0d5000 r--s 00015000 08:07 3700461                    /home/maulana/.gradle/wrapper/dists/gradle-2.14.1-all/8bnwg5hd3w55iofp58khbp6yv/gradle-2.14.1/lib/plugins/gradle-sonar-2.14.1.jar
7f4f5f0d5000-7f4f5f0dc000 r--s 00038000 08:07 3700508                    /home/maulana/.gradle/wrapper/dists/gradle-2.14.1-all/8bnwg5hd3w55iofp58khbp6yv/gradle-2.14.1/lib/plugins/bcpg-jdk15on-1.51.jar
7f4f5f0dc000-7f4f5f0de000 r--s 0000d000 08:07 3700462                    /home/maulana/.gradle/wrapper/dists/gradle-2.14.1-all/8bnwg5hd3w55iofp58khbp6yv/gradle-2.14.1/lib/plugins/gradle-signing-2.14.1.jar
7f4f5f0de000-7f4f5f0e1000 r--s 00009000 08:07 3700460                    /home/maulana/.gradle/wrapper/dists/gradle-2.14.1-all/8bnwg5hd3w55iofp58khbp6yv/gradle-2.14.1/lib/plugins/gradle-scala-2.14.1.jar
7f4f5f0e1000-7f4f5f0e2000 r--s 00004000 08:07 3700489                    /home/maulana/.gradle/wrapper/dists/gradle-2.14.1-all/8bnwg5hd3w55iofp58khbp6yv/gradle-2.14.1/lib/plugins/gradle-resources-sftp-2.14.1.jar
7f4f5f0e2000-7f4f5f0f2000 r--s 00088000 08:07 3700524                    /home/maulana/.gradle/wrapper/dists/gradle-2.14.1-all/8bnwg5hd3w55iofp58khbp6yv/gradle-2.14.1/lib/plugins/joda-time-2.8.2.jar
7f4f5f0f2000-7f4f5f103000 r--s 000cf000 08:07 3700523                    /home/maulana/.gradle/wrapper/dists/gradle-2.14.1-all/8bnwg5hd3w55iofp58khbp6yv/gradle-2.14.1/lib/plugins/jackson-databind-2.3.2.jar
7f4f5f103000-7f4f5f105000 r--s 00007000 08:07 3700522                    /home/maulana/.gradle/wrapper/dists/gradle-2.14.1-all/8bnwg5hd3w55iofp58khbp6yv/gradle-2.14.1/lib/plugins/jackson-annotations-2.3.2.jar
7f4f5f105000-7f4f5f108000 r--s 0002e000 08:07 3700521                    /home/maulana/.gradle/wrapper/dists/gradle-2.14.1-all/8bnwg5hd3w55iofp58khbp6yv/gradle-2.14.1/lib/plugins/jackson-core-2.3.2.jar
7f4f5f108000-7f4f5f113000 r--s 0006b000 08:07 3700520                    /home/maulana/.gradle/wrapper/dists/gradle-2.14.1-all/8bnwg5hd3w55iofp58khbp6yv/gradle-2.14.1/lib/plugins/aws-java-sdk-core-1.9.19.jar
7f4f5f113000-7f4f5f119000 r--s 00036000 08:07 3700519                    /home/maulana/.gradle/wrapper/dists/gradle-2.14.1-all/8bnwg5hd3w55iofp58khbp6yv/gradle-2.14.1/lib/plugins/aws-java-sdk-kms-1.9.19.jar
7f4f5f119000-7f4f5f124000 r--s 00079000 08:07 3700518                    /home/maulana/.gradle/wrapper/dists/gradle-2.14.1-all/8bnwg5hd3w55iofp58khbp6yv/gradle-2.14.1/lib/plugins/aws-java-sdk-s3-1.9.19.jar
7f4f5f124000-7f4f5f125000 r--s 00003000 08:07 3700490                    /home/maulana/.gradle/wrapper/dists/gradle-2.14.1-all/8bnwg5hd3w55iofp58khbp6yv/gradle-2.14.1/lib/plugins/gradle-resources-s3-2.14.1.jar
7f4f5f125000-7f4f5f127000 r--s 00005000 08:07 3700512                    /home/maulana/.gradle/wrapper/dists/gradle-2.14.1-all/8bnwg5hd3w55iofp58khbp6yv/gradle-2.14.1/lib/plugins/jatl-0.2.2.jar
7f4f5f127000-7f4f5f129000 r--s 0000f000 08:07 3700467                    /home/maulana/.gradle/wrapper/dists/gradle-2.14.1-all/8bnwg5hd3w55iofp58khbp6yv/gradle-2.14.1/lib/plugins/gradle-reporting-2.14.1.jar
7f4f5f129000-7f4f5f12b000 r--s 00002000 08:07 3700468                    /home/maulana/.gradle/wrapper/dists/gradle-2.14.1-all/8bnwg5hd3w55iofp58khbp6yv/gradle-2.14.1/lib/plugins/gradle-publish-2.14.1.jar
7f4f5f12b000-7f4f5f12d000 r--s 00009000 08:07 3700494                    /home/maulana/.gradle/wrapper/dists/gradle-2.14.1-all/8bnwg5hd3w55iofp58khbp6yv/gradle-2.14.1/lib/plugins/commons-cli-1.2.jar
7f4f5f12d000-7f4f5f133000 r--s 00033000 08:07 3700452                    /home/maulana/.gradle/wrapper/dists/gradle-2.14.1-all/8bnwg5hd3w55iofp58khbp6yv/gradle-2.14.1/lib/plugins/gradle-plugins-2.14.1.jar
7f4f5f133000-7f4f5f135000 r--s 00007000 08:07 3700486                    /home/maulana/.gradle/wrapper/dists/gradle-2.14.1-all/8bnwg5hd3w55iofp58khbp6yv/gradle-2.14.1/lib/plugins/gradle-plugin-development-2.14.1.jar
7f4f5f135000-7f4f5f13b000 r--s 0002a000 08:07 3700479                    /home/maulana/.gradle/wrapper/dists/gradle-2.14.1-all/8bnwg5hd3w55iofp58khbp6yv/gradle-2.14.1/lib/plugins/gradle-platform-play-2.14.1.jar
7f4f5f13b000-7f4f5f148000 r--s 0004d000 08:07 3700478                    /home/maulana/.gradle/wrapper/dists/gradle-2.14.1-all/8bnwg5hd3w55iofp58khbp6yv/gradle-2.14.1/lib/plugins/gradle-platform-native-2.14.1.jar
7f4f5f148000-7f4f5f14c000 r--s 0001a000 08:07 3700473                    /home/maulana/.gradle/wrapper/dists/gradle-2.14.1-all/8bnwg5hd3w55iofp58khbp6yv/gradle-2.14.1/lib/plugins/gradle-platform-jvm-2.14.1.jar
7f4f5f14c000-7f4f5f153000 r--s 00029000 08:07 3700472                    /home/maulana/.gradle/wrapper/dists/gradle-2.14.1-all/8bnwg5hd3w55iofp58khbp6yv/gradle-2.14.1/lib/plugins/gradle-platform-base-2.14.1.jar
7f4f5f153000-7f4f5f174000 r--s 001c3000 08:07 3700502                    /home/maulana/.gradle/wrapper/dists/gradle-2.14.1-all/8bnwg5hd3w55iofp58khbp6yv/gradle-2.14.1/lib/plugins/bndlib-2.4.0.jar
7f4f5f174000-7f4f5f176000 r--s 00003000 08:07 3700456                    /home/maulana/.gradle/wrapper/dists/gradle-2.14.1-all/8bnwg5hd3w55iofp58khbp6yv/gradle-2.14.1/lib/plugins/gradle-osgi-2.14.1.jar
7f4f5f176000-7f4f5f179000 r--s 0000c000 08:07 3700505                    /home/maulana/.gradle/wrapper/dists/gradle-2.14.1-all/8bnwg5hd3w55iofp58khbp6yv/gradle-2.14.1/lib/plugins/pmaven-groovy-0.8-20100325.jar
7f4f5f179000-7f4f5f17a000 r--s 00004000 08:07 3700504                    /home/maulana/.gradle/wrapper/dists/gradle-2.14.1-all/8bnwg5hd3w55iofp58khbp6yv/gradle-2.14.1/lib/plugins/pmaven-common-0.8-20100325.jar
7f4f5f17a000-7f4f5f180000 r--s 00022000 08:07 3700457                    /home/maulana/.gradle/wrapper/dists/gradle-2.14.1-all/8bnwg5hd3w55iofp58khbp6yv/gradle-2.14.1/lib/plugins/gradle-maven-2.14.1.jar
7f4f5f180000-7f4f5f182000 r--s 0000a000 08:07 3700477                    /home/maulana/.gradle/wrapper/dists/gradle-2.14.1-all/8bnwg5hd3w55iofp58khbp6yv/gradle-2.14.1/lib/plugins/gradle-language-scala-2.14.1.jar
7f4f5f182000-7f4f5f188000 r--s 0001a000 08:07 3700481                    /home/maulana/.gradle/wrapper/dists/gradle-2.14.1-all/8bnwg5hd3w55iofp58khbp6yv/gradle-2.14.1/lib/plugins/gradle-language-native-2.14.1.jar
7f4f5f188000-7f4f5f18a000 r--s 00008000 08:07 3700474                    /home/maulana/.gradle/wrapper/dists/gradle-2.14.1-all/8bnwg5hd3w55iofp58khbp6yv/gradle-2.14.1/lib/plugins/gradle-language-jvm-2.14.1.jar
7f4f5f18a000-7f4f5f190000 r--s 00024000 08:07 3700475                    /home/maulana/.gradle/wrapper/dists/gradle-2.14.1-all/8bnwg5hd3w55iofp58khbp6yv/gradle-2.14.1/lib/plugins/gradle-language-java-2.14.1.jar
7f4f5f190000-7f4f5f192000 r--s 0000a000 08:07 3700476                    /home/maulana/.gradle/wrapper/dists/gradle-2.14.1-all/8bnwg5hd3w55iofp58khbp6yv/gradle-2.14.1/lib/plugins/gradle-language-groovy-2.14.1.jar
7f4f5f192000-7f4f5f195000 r--s 0001e000 08:07 3700530                    /home/maulana/.gradle/wrapper/dists/gradle-2.14.1-all/8bnwg5hd3w55iofp58khbp6yv/gradle-2.14.1/lib/plugins/jsp-api-2.1-6.1.14.jar
7f4f5f195000-7f4f5f1b8000 r--s 00344000 08:07 3700529                    /home/maulana/.gradle/wrapper/dists/gradle-2.14.1-all/8bnwg5hd3w55iofp58khbp6yv/gradle-2.14.1/lib/plugins/core-3.1.1.jar
7f4f5f1b8000-7f4f5f1b9000 r--s 00006000 08:07 3700528                    /home/maulana/.gradle/wrapper/dists/gradle-2.14.1-all/8bnwg5hd3w55iofp58khbp6yv/gradle-2.14.1/lib/plugins/jetty-naming-6.1.25.jar
7f4f5f1b9000-7f4f5f1ba000 r--s 00002000 08:07 3700501                    /home/maulana/.gradle/wrapper/dists/gradle-2.14.1-all/8bnwg5hd3w55iofp58khbp6yv/gradle-2.14.1/lib/plugins/geronimo-annotation_1.0_spec-1.0.jar
7f4f5f1ba000-7f4f5f1bc000 r--s 00002000 08:07 3700500                    /home/maulana/.gradle/wrapper/dists/gradle-2.14.1-all/8bnwg5hd3w55iofp58khbp6yv/gradle-2.14.1/lib/plugins/jetty-annotations-6.1.25.jar
7f4f5f1bc000-7f4f5f1cd000 r--s 000ea000 08:07 3700499                    /home/maulana/.gradle/wrapper/dists/gradle-2.14.1-all/8bnwg5hd3w55iofp58khbp6yv/gradle-2.14.1/lib/plugins/jsp-2.1-6.1.14.jar
7f4f5f1cd000-7f4f5f1cf000 r--s 0000d000 08:07 3700498                    /home/maulana/.gradle/wrapper/dists/gradle-2.14.1-all/8bnwg5hd3w55iofp58khbp6yv/gradle-2.14.1/lib/plugins/jetty-plus-6.1.25.jar
7f4f5f1cf000-7f4f5f1d1000 r--s 0001f000 08:07 3700497                    /home/maulana/.gradle/wrapper/dists/gradle-2.14.1-all/8bnwg5hd3w55iofp58khbp6yv/gradle-2.14.1/lib/plugins/servlet-api-2.5-20081211.jar
7f4f5f1d1000-7f4f5f1d5000 r--s 00028000 08:07 3700496                    /home/maulana/.gradle/wrapper/dists/gradle-2.14.1-all/8bnwg5hd3w55iofp58khbp6yv/gradle-2.14.1/lib/plugins/jetty-util-6.1.25.jar
7f4f5f1d5000-7f4f5f1dc000 r--s 0007d000 08:07 3700495                    /home/maulana/.gradle/wrapper/dists/gradle-2.14.1-all/8bnwg5hd3w55iofp58khbp6yv/gradle-2.14.1/lib/plugins/jetty-6.1.25.jar
7f4f5f1dc000-7f4f5f1de000 r--s 00009000 08:07 3700454                    /home/maulana/.gradle/wrapper/dists/gradle-2.14.1-all/8bnwg5hd3w55iofp58khbp6yv/gradle-2.14.1/lib/plugins/gradle-jetty-2.14.1.jar
7f4f5f1de000-7f4f5f1e5000 r--s 00035000 08:07 3700511                    /home/maulana/.gradle/wrapper/dists/gradle-2.14.1-all/8bnwg5hd3w55iofp58khbp6yv/gradle-2.14.1/lib/plugins/simple-4.1.21.jar
7f4f5f1e5000-7f4f5f1f1000 r--s 00100000 08:07 3700509                    /home/maulana/.gradle/wrapper/dists/gradle-2.14.1-all/8bnwg5hd3w55iofp58khbp6yv/gradle-2.14.1/lib/plugins/rhino-1.7R3.jar
7f4f5f1f1000-7f4f5f1f5000 r--s 00011000 08:07 3700464                    /home/maulana/.gradle/wrapper/dists/gradle-2.14.1-all/8bnwg5hd3w55iofp58khbp6yv/gradle-2.14.1/lib/plugins/gradle-javascript-2.14.1.jar
7f4f5f1f5000-7f4f5f1f7000 r--s 0000c000 08:07 3700470                    /home/maulana/.gradle/wrapper/dists/gradle-2.14.1-all/8bnwg5hd3w55iofp58khbp6yv/gradle-2.14.1/lib/plugins/gradle-jacoco-2.14.1.jar
7f4f5f1f7000-7f4f5f1fa000 r--s 0000e000 08:07 3700469                    /home/maulana/.gradle/wrapper/dists/gradle-2.14.1-all/8bnwg5hd3w55iofp58khbp6yv/gradle-2.14.1/lib/plugins/gradle-ivy-2.14.1.jar
7f4f5f1fa000-7f4f5f1fb000 r--s 00002000 08:07 3700480                    /home/maulana/.gradle/wrapper/dists/gradle-2.14.1-all/8bnwg5hd3w55iofp58khbp6yv/gradle-2.14.1/lib/plugins/gradle-ide-play-2.14.1.jar
7f4f5f1fb000-7f4f5f200000 r--s 0002b000 08:07 3700482                    /home/maulana/.gradle/wrapper/dists/gradle-2.14.1-all/8bnwg5hd3w55iofp58khbp6yv/gradle-2.14.1/lib/plugins/gradle-ide-native-2.14.1.jar
7f4f5f200000-7f4f5f20b000 r--s 00066000 08:07 3700458                    /home/maulana/.gradle/wrapper/dists/gradle-2.14.1-all/8bnwg5hd3w55iofp58khbp6yv/gradle-2.14.1/lib/plugins/gradle-ide-2.14.1.jar
7f4f5f20b000-7f4f5f20c000 r--s 00008000 08:07 3700463                    /home/maulana/.gradle/wrapper/dists/gradle-2.14.1-all/8bnwg5hd3w55iofp58khbp6yv/gradle-2.14.1/lib/plugins/gradle-ear-2.14.1.jar
7f4f5f20c000-7f4f5f212000 r--s 00032000 08:07 3700466                    /home/maulana/.gradle/wrapper/dists/gradle-2.14.1-all/8bnwg5hd3w55iofp58khbp6yv/gradle-2.14.1/lib/plugins/gradle-diagnostics-2.14.1.jar
7f4f5f212000-7f4f5f216000 r--s 00021000 08:07 3700453                    /home/maulana/.gradle/wrapper/dists/gradle-2.14.1-all/8bnwg5hd3w55iofp58khbp6yv/gradle-2.14.1/lib/plugins/gradle-code-quality-2.14.1.jar
7f4f5f216000-7f4f5f21a000 r--s 0001f000 08:07 3700471                    /home/maulana/.gradle/wrapper/dists/gradle-2.14.1-all/8bnwg5hd3w55iofp58khbp6yv/gradle-2.14.1/lib/plugins/gradle-build-init-2.14.1.jar
7f4f5f21a000-7f4f5f221000 r--s 0008e000 08:07 3700465                    /home/maulana/.gradle/wrapper/dists/gradle-2.14.1-all/8bnwg5hd3w55iofp58khbp6yv/gradle-2.14.1/lib/plugins/gradle-build-comparison-2.14.1.jar
7f4f5f221000-7f4f5f223000 r--s 00008000 08:07 3700455                    /home/maulana/.gradle/wrapper/dists/gradle-2.14.1-all/8bnwg5hd3w55iofp58khbp6yv/gradle-2.14.1/lib/plugins/gradle-antlr-2.14.1.jar
7f4f5f223000-7f4f5f225000 r--s 00004000 08:07 3700459                    /home/maulana/.gradle/wrapper/dists/gradle-2.14.1-all/8bnwg5hd3w55iofp58khbp6yv/gradle-2.14.1/lib/plugins/gradle-announce-2.14.1.jar
7f4f5f225000-7f4f5f23d000 r--s 00115000 08:07 3700560                    /home/maulana/.gradle/wrapper/dists/gradle-2.14.1-all/8bnwg5hd3w55iofp58khbp6yv/gradle-2.14.1/lib/plugins/xercesImpl-2.9.1.jar
7f4f5f23d000-7f4f5f245000 r--s 00028000 08:07 3700561                    /home/maulana/.gradle/wrapper/dists/gradle-2.14.1-all/8bnwg5hd3w55iofp58khbp6yv/gradle-2.14.1/lib/plugins/xml-apis-1.3.04.jar
7f4f5f245000-7f4f5f24b000 r--s 0005b000 08:07 3700559                    /home/maulana/.gradle/wrapper/dists/gradle-2.14.1-all/8bnwg5hd3w55iofp58khbp6yv/gradle-2.14.1/lib/plugins/jcifs-1.3.17.jar
7f4f5f24b000-7f4f5f252000 r--s 00049000 08:07 3700558                    /home/maulana/.gradle/wrapper/dists/gradle-2.14.1-all/8bnwg5hd3w55iofp58khbp6yv/gradle-2.14.1/lib/plugins/httpcore-4.4.4.jar
7f4f5f252000-7f4f5f258000 r--s 00033000 08:07 3700506                    /home/maulana/.gradle/wrapper/dists/gradle-2.14.1-all/8bnwg5hd3w55iofp58khbp6yv/gradle-2.14.1/lib/plugins/commons-codec-1.6.jar
7f4f5f258000-7f4f5f25b000 r--s 0001c000 08:07 3700516                    /home/maulana/.gradle/wrapper/dists/gradle-2.14.1-all/8bnwg5hd3w55iofp58khbp6yv/gradle-2.14.1/lib/plugins/nekohtml-1.9.14.jar
7f4f5f25b000-7f4f5f268000 r--s 000a4000 08:07 3700515                    /home/maulana/.gradle/wrapper/dists/gradle-2.14.1-all/8bnwg5hd3w55iofp58khbp6yv/gradle-2.14.1/lib/plugins/httpclient-4.4.1.jar
7f4f5f268000-7f4f5f26a000 r--s 0000a000 08:07 3700488                    /home/maulana/.gradle/wrapper/dists/gradle-2.14.1-all/8bnwg5hd3w55iofp58khbp6yv/gradle-2.14.1/lib/plugins/gradle-resources-http-2.14.1.jar
7f4f5f26a000-7f4f5f26e000 r--s 00014000 08:07 3700487                    /home/maulana/.gradle/wrapper/dists/gradle-2.14.1-all/8bnwg5hd3w55iofp58khbp6yv/gradle-2.14.1/lib/plugins/gradle-plugin-use-2.14.1.jar
7f4f5f26e000-7f4f5f26f000 r--s 00000000 08:07 3700403                    /home/maulana/.gradle/wrapper/dists/gradle-2.14.1-all/8bnwg5hd3w55iofp58khbp6yv/gradle-2.14.1/lib/gradle-installation-beacon-2.14.1.jar
7f4f5f26f000-7f4f5f270000 r--s 00007000 08:07 3700554                    /home/maulana/.gradle/wrapper/dists/gradle-2.14.1-all/8bnwg5hd3w55iofp58khbp6yv/gradle-2.14.1/lib/plugins/wagon-http-shared4-2.4.jar
7f4f5f270000-7f4f5f274000 r--s 00033000 08:07 3700553                    /home/maulana/.gradle/wrapper/dists/gradle-2.14.1-all/8bnwg5hd3w55iofp58khbp6yv/gradle-2.14.1/lib/plugins/plexus-utils-2.0.6.jar
7f4f5f274000-7f4f5f278000 r--s 00021000 08:07 3700552                    /home/maulana/.gradle/wrapper/dists/gradle-2.14.1-all/8bnwg5hd3w55iofp58khbp6yv/gradle-2.14.1/lib/plugins/maven-model-builder-3.0.4.jar
7f4f5f278000-7f4f5f279000 r--s 00002000 08:07 3700551                    /home/maulana/.gradle/wrapper/dists/gradle-2.14.1-all/8bnwg5hd3w55iofp58khbp6yv/gradle-2.14.1/lib/plugins/wagon-file-2.4.jar
7f4f5f279000-7f4f5f27b000 r--s 00002000 08:07 3700550                    /home/maulana/.gradle/wrapper/dists/gradle-2.14.1-all/8bnwg5hd3w55iofp58khbp6yv/gradle-2.14.1/lib/plugins/plexus-cipher-1.7.jar
7f4f5f27b000-7f4f5f27e000 r--s 00013000 08:07 3700549                    /home/maulana/.gradle/wrapper/dists/gradle-2.14.1-all/8bnwg5hd3w55iofp58khbp6yv/gradle-2.14.1/lib/plugins/aether-api-1.13.1.jar
7f4f5f27e000-7f4f5f280000 r--s 0000a000 08:07 3700548                    /home/maulana/.gradle/wrapper/dists/gradle-2.14.1-all/8bnwg5hd3w55iofp58khbp6yv/gradle-2.14.1/lib/plugins/maven-settings-3.0.4.jar
7f4f5f280000-7f4f5f282000 r--s 0000d000 08:07 3700547                    /home/maulana/.gradle/wrapper/dists/gradle-2.14.1-all/8bnwg5hd3w55iofp58khbp6yv/gradle-2.14.1/lib/plugins/plexus-interpolation-1.14.jar
7f4f5f282000-7f4f5f284000 r--s 0000b000 08:07 3700546                    /home/maulana/.gradle/wrapper/dists/gradle-2.14.1-all/8bnwg5hd3w55iofp58khbp6yv/gradle-2.14.1/lib/plugins/maven-artifact-3.0.4.jar
7f4f5f284000-7f4f5f28b000 r--s 0002e000 08:07 3700545                    /home/maulana/.gradle/wrapper/dists/gradle-2.14.1-all/8bnwg5hd3w55iofp58khbp6yv/gradle-2.14.1/lib/plugins/plexus-container-default-1.5.5.jar
7f4f5f28b000-7f4f5f28d000 r--s 0000b000 08:07 3700544                    /home/maulana/.gradle/wrapper/dists/gradle-2.14.1-all/8bnwg5hd3w55iofp58khbp6yv/gradle-2.14.1/lib/plugins/maven-plugin-api-3.0.4.jar
7f4f5f28d000-7f4f5f296000 r-xp 00000000 08:07 538778                     /usr/lib/jvm/java-8-oracle/jre/lib/amd64/libmanagement.so
7f4f5f296000-7f4f5f495000 ---p 00009000 08:07 538778                     /usr/lib/jvm/java-8-oracle/jre/lib/amd64/libmanagement.so
7f4f5f495000-7f4f5f496000 rw-p 00008000 08:07 538778                     /usr/lib/jvm/java-8-oracle/jre/lib/amd64/libmanagement.so
7f4f5f496000-7f4f5f4bb000 r-xp 00000000 08:07 2233083                    /lib/x86_64-linux-gnu/libtinfo.so.5.9
7f4f5f4bb000-7f4f5f6ba000 ---p 00025000 08:07 2233083                    /lib/x86_64-linux-gnu/libtinfo.so.5.9
7f4f5f6ba000-7f4f5f6be000 r--p 00024000 08:07 2233083                    /lib/x86_64-linux-gnu/libtinfo.so.5.9
7f4f5f6be000-7f4f5f6bf000 rw-p 00028000 08:07 2233083                    /lib/x86_64-linux-gnu/libtinfo.so.5.9
7f4f5f6bf000-7f4f5f6e1000 r-xp 00000000 08:07 2232993                    /lib/x86_64-linux-gnu/libncurses.so.5.9
7f4f5f6e1000-7f4f5f8e0000 ---p 00022000 08:07 2232993                    /lib/x86_64-linux-gnu/libncurses.so.5.9
7f4f5f8e0000-7f4f5f8e1000 r--p 00021000 08:07 2232993                    /lib/x86_64-linux-gnu/libncurses.so.5.9
7f4f5f8e1000-7f4f5f8e2000 rw-p 00022000 08:07 2232993                    /lib/x86_64-linux-gnu/libncurses.so.5.9
7f4f5f8e2000-7f4f5f8e5000 r-xp 00000000 08:07 1858531                    /home/maulana/.gradle/native/19/linux-amd64/libnative-platform-curses.so
7f4f5f8e5000-7f4f5fae5000 ---p 00003000 08:07 1858531                    /home/maulana/.gradle/native/19/linux-amd64/libnative-platform-curses.so
7f4f5fae5000-7f4f5fae6000 rw-p 00003000 08:07 1858531                    /home/maulana/.gradle/native/19/linux-amd64/libnative-platform-curses.so
7f4f5fae6000-7f4f5fafc000 r-xp 00000000 08:07 2232964                    /lib/x86_64-linux-gnu/libgcc_s.so.1
7f4f5fafc000-7f4f5fcfb000 ---p 00016000 08:07 2232964                    /lib/x86_64-linux-gnu/libgcc_s.so.1
7f4f5fcfb000-7f4f5fcfc000 rw-p 00015000 08:07 2232964                    /lib/x86_64-linux-gnu/libgcc_s.so.1
7f4f5fcfc000-7f4f5fde2000 r-xp 00000000 08:07 271759                     /usr/lib/x86_64-linux-gnu/libstdc++.so.6.0.19
7f4f5fde2000-7f4f5ffe1000 ---p 000e6000 08:07 271759                     /usr/lib/x86_64-linux-gnu/libstdc++.so.6.0.19
7f4f5ffe1000-7f4f5ffe9000 r--p 000e5000 08:07 271759                     /usr/lib/x86_64-linux-gnu/libstdc++.so.6.0.19
7f4f5ffe9000-7f4f5ffeb000 rw-p 000ed000 08:07 271759                     /usr/lib/x86_64-linux-gnu/libstdc++.so.6.0.19
7f4f5ffeb000-7f4f60000000 rw-p 00000000 00:00 0 
7f4f60000000-7f4f60021000 rw-p 00000000 00:00 0 
7f4f60021000-7f4f64000000 ---p 00000000 00:00 0 
7f4f64000000-7f4f64021000 rw-p 00000000 00:00 0 
7f4f64021000-7f4f68000000 ---p 00000000 00:00 0 
7f4f68000000-7f4f6972d000 rw-p 00000000 00:00 0 
7f4f6972d000-7f4f6c000000 ---p 00000000 00:00 0 
7f4f6c000000-7f4f6c999000 rw-p 00000000 00:00 0 
7f4f6c999000-7f4f70000000 ---p 00000000 00:00 0 
7f4f70000000-7f4f70021000 rw-p 00000000 00:00 0 
7f4f70021000-7f4f74000000 ---p 00000000 00:00 0 
7f4f74000000-7f4f75f6b000 rw-p 00000000 00:00 0 
7f4f75f6b000-7f4f78000000 ---p 00000000 00:00 0 
7f4f78000000-7f4f78021000 rw-p 00000000 00:00 0 
7f4f78021000-7f4f7c000000 ---p 00000000 00:00 0 
7f4f7c000000-7f4f7c021000 rw-p 00000000 00:00 0 
7f4f7c021000-7f4f80000000 ---p 00000000 00:00 0 
7f4f80000000-7f4f80021000 rw-p 00000000 00:00 0 
7f4f80021000-7f4f84000000 ---p 00000000 00:00 0 
7f4f84000000-7f4f84002000 r--s 00000000 08:07 3700562                    /home/maulana/.gradle/wrapper/dists/gradle-2.14.1-all/8bnwg5hd3w55iofp58khbp6yv/gradle-2.14.1/lib/plugins/plexus-component-annotations-1.5.5.jar
7f4f84002000-7f4f84008000 r--s 0003f000 08:07 3700543                    /home/maulana/.gradle/wrapper/dists/gradle-2.14.1-all/8bnwg5hd3w55iofp58khbp6yv/gradle-2.14.1/lib/plugins/maven-compat-3.0.4.jar
7f4f84008000-7f4f8400b000 r--s 00008000 08:07 3700542                    /home/maulana/.gradle/wrapper/dists/gradle-2.14.1-all/8bnwg5hd3w55iofp58khbp6yv/gradle-2.14.1/lib/plugins/maven-settings-builder-3.0.4.jar
7f4f8400b000-7f4f8400c000 r--s 00002000 08:07 3700541                    /home/maulana/.gradle/wrapper/dists/gradle-2.14.1-all/8bnwg5hd3w55iofp58khbp6yv/gradle-2.14.1/lib/plugins/wagon-http-2.4.jar
7f4f8400c000-7f4f8400e000 r--s 00026000 08:07 3700540                    /home/maulana/.gradle/wrapper/dists/gradle-2.14.1-all/8bnwg5hd3w55iofp58khbp6yv/gradle-2.14.1/lib/plugins/maven-model-3.0.4.jar
7f4f8400e000-7f4f84010000 r--s 00006000 08:07 3700539                    /home/maulana/.gradle/wrapper/dists/gradle-2.14.1-all/8bnwg5hd3w55iofp58khbp6yv/gradle-2.14.1/lib/plugins/aether-connector-wagon-1.13.1.jar
7f4f84010000-7f4f84012000 r--s 0000a000 08:07 3700538                    /home/maulana/.gradle/wrapper/dists/gradle-2.14.1-all/8bnwg5hd3w55iofp58khbp6yv/gradle-2.14.1/lib/plugins/plexus-classworlds-2.4.jar
7f4f84012000-7f4f84014000 r--s 00006000 08:07 3700537                    /home/maulana/.gradle/wrapper/dists/gradle-2.14.1-all/8bnwg5hd3w55iofp58khbp6yv/gradle-2.14.1/lib/plugins/maven-repository-metadata-3.0.4.jar
7f4f84014000-7f4f84016000 r--s 0000c000 08:07 3700536                    /home/maulana/.gradle/wrapper/dists/gradle-2.14.1-all/8bnwg5hd3w55iofp58khbp6yv/gradle-2.14.1/lib/plugins/maven-aether-provider-3.0.4.jar
7f4f84016000-7f4f8402b000 r-xp 00000000 08:07 1621977                    /tmp/jna4768147094686400857.tmp
7f4f8402b000-7f4f8412a000 ---p 00015000 08:07 1621977                    /tmp/jna4768147094686400857.tmp
7f4f8412a000-7f4f8412c000 rw-p 00014000 08:07 1621977                    /tmp/jna4768147094686400857.tmp
7f4f8412c000-7f4f84130000 r-xp 00000000 08:07 1857812                    /home/maulana/.gradle/native/19/linux-amd64/libnative-platform.so
7f4f84130000-7f4f8432f000 ---p 00004000 08:07 1857812                    /home/maulana/.gradle/native/19/linux-amd64/libnative-platform.so
7f4f8432f000-7f4f84330000 rw-p 00003000 08:07 1857812                    /home/maulana/.gradle/native/19/linux-amd64/libnative-platform.so
7f4f84330000-7f4f88000000 rw-p 00000000 00:00 0 
7f4f88000000-7f4f88036000 rw-p 00000000 00:00 0 
7f4f88036000-7f4f8c000000 ---p 00000000 00:00 0 
7f4f8c000000-7f4f8c021000 rw-p 00000000 00:00 0 
7f4f8c021000-7f4f90000000 ---p 00000000 00:00 0 
7f4f90000000-7f4f90021000 rw-p 00000000 00:00 0 
7f4f90021000-7f4f94000000 ---p 00000000 00:00 0 
7f4f94000000-7f4f94021000 rw-p 00000000 00:00 0 
7f4f94021000-7f4f98000000 ---p 00000000 00:00 0 
7f4f98000000-7f4f98002000 r--s 0000b000 08:07 3700535                    /home/maulana/.gradle/wrapper/dists/gradle-2.14.1-all/8bnwg5hd3w55iofp58khbp6yv/gradle-2.14.1/lib/plugins/wagon-provider-api-2.4.jar
7f4f98002000-7f4f98003000 r--s 00003000 08:07 3700534                    /home/maulana/.gradle/wrapper/dists/gradle-2.14.1-all/8bnwg5hd3w55iofp58khbp6yv/gradle-2.14.1/lib/plugins/aether-spi-1.13.1.jar
7f4f98003000-7f4f98007000 r--s 0001c000 08:07 3700533                    /home/maulana/.gradle/wrapper/dists/gradle-2.14.1-all/8bnwg5hd3w55iofp58khbp6yv/gradle-2.14.1/lib/plugins/aether-util-1.13.1.jar
7f4f98007000-7f4f9800a000 r--s 0001d000 08:07 3700532                    /home/maulana/.gradle/wrapper/dists/gradle-2.14.1-all/8bnwg5hd3w55iofp58khbp6yv/gradle-2.14.1/lib/plugins/aether-impl-1.13.1.jar
7f4f9800a000-7f4f9800b000 r--s 00006000 08:07 3700531                    /home/maulana/.gradle/wrapper/dists/gradle-2.14.1-all/8bnwg5hd3w55iofp58khbp6yv/gradle-2.14.1/lib/plugins/plexus-sec-dispatcher-1.3.jar
7f4f9800b000-7f4f98010000 r--s 00040000 08:07 3700517                    /home/maulana/.gradle/wrapper/dists/gradle-2.14.1-all/8bnwg5hd3w55iofp58khbp6yv/gradle-2.14.1/lib/plugins/jsch-0.1.53.jar
7f4f98010000-7f4f98050000 r--s 00277000 08:07 3700527                    /home/maulana/.gradle/wrapper/dists/gradle-2.14.1-all/8bnwg5hd3w55iofp58khbp6yv/gradle-2.14.1/lib/plugins/bcprov-jdk15on-1.51.jar
7f4f98050000-7f4f98054000 r--s 0001d000 08:07 3700526                    /home/maulana/.gradle/wrapper/dists/gradle-2.14.1-all/8bnwg5hd3w55iofp58khbp6yv/gradle-2.14.1/lib/plugins/xbean-reflect-3.4.jar
7f4f98054000-7f4f98060000 r--s 0007d000 08:07 3700503                    /home/maulana/.gradle/wrapper/dists/gradle-2.14.1-all/8bnwg5hd3w55iofp58khbp6yv/gradle-2.14.1/lib/plugins/maven-core-3.0.4.jar
7f4f98060000-7f4f98065000 r--s 0002a000 08:07 3700510                    /home/maulana/.gradle/wrapper/dists/gradle-2.14.1-all/8bnwg5hd3w55iofp58khbp6yv/gradle-2.14.1/lib/plugins/gson-2.2.4.jar
7f4f98065000-7f4f98074000 r--s 000d9000 08:07 3700525                    /home/maulana/.gradle/wrapper/dists/gradle-2.14.1-all/8bnwg5hd3w55iofp58khbp6yv/gradle-2.14.1/lib/plugins/ivy-2.2.0.jar
7f4f98074000-7f4f98090000 r--s 000d3000 08:07 3700492                    /home/maulana/.gradle/wrapper/dists/gradle-2.14.1-all/8bnwg5hd3w55iofp58khbp6yv/gradle-2.14.1/lib/plugins/gradle-dependency-management-2.14.1.jar
7f4f98090000-7f4f98097000 r--s 00000000 08:07 535799                     /usr/lib/x86_64-linux-gnu/gconv/gconv-modules.cache
7f4f98097000-7f4f98099000 r--s 00005000 08:07 3700402                    /home/maulana/.gradle/wrapper/dists/gradle-2.14.1-all/8bnwg5hd3w55iofp58khbp6yv/gradle-2.14.1/lib/gradle-wrapper-2.14.1.jar
7f4f98099000-7f4f980a7000 r--s 0004f000 08:07 3700409                    /home/maulana/.gradle/wrapper/dists/gradle-2.14.1-all/8bnwg5hd3w55iofp58khbp6yv/gradle-2.14.1/lib/gradle-tooling-api-2.14.1.jar
7f4f980a7000-7f4f980a9000 r--s 00002000 08:07 3700429                    /home/maulana/.gradle/wrapper/dists/gradle-2.14.1-all/8bnwg5hd3w55iofp58khbp6yv/gradle-2.14.1/lib/gradle-open-api-2.14.1.jar
7f4f980a9000-7f4f980af000 r--s 00032000 08:07 3700431                    /home/maulana/.gradle/wrapper/dists/gradle-2.14.1-all/8bnwg5hd3w55iofp58khbp6yv/gradle-2.14.1/lib/jaxen-1.1.jar
7f4f980af000-7f4f980b4000 r--s 00048000 08:07 3700430                    /home/maulana/.gradle/wrapper/dists/gradle-2.14.1-all/8bnwg5hd3w55iofp58khbp6yv/gradle-2.14.1/lib/dom4j-1.6.1.jar
7f4f980b4000-7f4f980bf000 r--s 00059000 08:07 3700408                    /home/maulana/.gradle/wrapper/dists/gradle-2.14.1-all/8bnwg5hd3w55iofp58khbp6yv/gradle-2.14.1/lib/gradle-ui-2.14.1.jar
7f4f980bf000-7f4f980c2000 r--s 0000b000 08:07 3700427                    /home/maulana/.gradle/wrapper/dists/gradle-2.14.1-all/8bnwg5hd3w55iofp58khbp6yv/gradle-2.14.1/lib/gradle-resources-2.14.1.jar
7f4f980c2000-7f4f980c4000 r--s 00003000 08:07 3700439                    /home/maulana/.gradle/wrapper/dists/gradle-2.14.1-all/8bnwg5hd3w55iofp58khbp6yv/gradle-2.14.1/lib/jcl-over-slf4j-1.7.10.jar
7f4f980c4000-7f4f980c5000 r--s 00005000 08:07 3700438                    /home/maulana/.gradle/wrapper/dists/gradle-2.14.1-all/8bnwg5hd3w55iofp58khbp6yv/gradle-2.14.1/lib/log4j-over-slf4j-1.7.10.jar
7f4f980c5000-7f4f980c7000 r--s 00000000 08:07 3700437                    /home/maulana/.gradle/wrapper/dists/gradle-2.14.1-all/8bnwg5hd3w55iofp58khbp6yv/gradle-2.14.1/lib/jul-to-slf4j-1.7.10.jar
7f4f980c7000-7f4f980cc000 r--s 0001c000 08:07 3700426                    /home/maulana/.gradle/wrapper/dists/gradle-2.14.1-all/8bnwg5hd3w55iofp58khbp6yv/gradle-2.14.1/lib/gradle-logging-2.14.1.jar
7f4f980cc000-7f4f980ce000 r--s 00007000 08:07 3700450                    /home/maulana/.gradle/wrapper/dists/gradle-2.14.1-all/8bnwg5hd3w55iofp58khbp6yv/gradle-2.14.1/lib/objenesis-1.2.jar
7f4f980ce000-7f4f980d0000 r--s 00000000 08:07 3700449                    /home/maulana/.gradle/wrapper/dists/gradle-2.14.1-all/8bnwg5hd3w55iofp58khbp6yv/gradle-2.14.1/lib/minlog-1.2.jar
7f4f980d0000-7f4f980d2000 r--s 0000f000 08:07 3700448                    /home/maulana/.gradle/wrapper/dists/gradle-2.14.1-all/8bnwg5hd3w55iofp58khbp6yv/gradle-2.14.1/lib/reflectasm-1.07-shaded.jar
7f4f980d2000-7f4f980d6000 r--s 00026000 08:07 3700436                    /home/maulana/.gradle/wrapper/dists/gradle-2.14.1-all/8bnwg5hd3w55iofp58khbp6yv/gradle-2.14.1/lib/kryo-2.20.jar
7f4f980d6000-7f4f980dc000 r--s 00025000 08:07 3700425                    /home/maulana/.gradle/wrapper/dists/gradle-2.14.1-all/8bnwg5hd3w55iofp58khbp6yv/gradle-2.14.1/lib/gradle-messaging-2.14.1.jar
7f4f980dc000-7f4f980dd000 r--s 00003000 08:07 3700447                    /home/maulana/.gradle/wrapper/dists/gradle-2.14.1-all/8bnwg5hd3w55iofp58khbp6yv/gradle-2.14.1/lib/native-platform-freebsd-amd64-0.10.jar
7f4f980dd000-7f4f980de000 r--s 00003000 08:07 3700446                    /home/maulana/.gradle/wrapper/dists/gradle-2.14.1-all/8bnwg5hd3w55iofp58khbp6yv/gradle-2.14.1/lib/native-platform-freebsd-i386-0.10.jar
7f4f980de000-7f4f980df000 r--s 00005000 08:07 3700445                    /home/maulana/.gradle/wrapper/dists/gradle-2.14.1-all/8bnwg5hd3w55iofp58khbp6yv/gradle-2.14.1/lib/native-platform-windows-i386-0.10.jar
7f4f980df000-7f4f980e0000 r--s 00005000 08:07 3700444                    /home/maulana/.gradle/wrapper/dists/gradle-2.14.1-all/8bnwg5hd3w55iofp58khbp6yv/gradle-2.14.1/lib/native-platform-windows-amd64-0.10.jar
7f4f980e0000-7f4f980e1000 r--s 00003000 08:07 3700443                    /home/maulana/.gradle/wrapper/dists/gradle-2.14.1-all/8bnwg5hd3w55iofp58khbp6yv/gradle-2.14.1/lib/native-platform-linux-i386-0.10.jar
7f4f980e1000-7f4f980e2000 r--s 00003000 08:07 3700442                    /home/maulana/.gradle/wrapper/dists/gradle-2.14.1-all/8bnwg5hd3w55iofp58khbp6yv/gradle-2.14.1/lib/native-platform-linux-amd64-0.10.jar
7f4f980e2000-7f4f980e3000 r--s 00002000 08:07 3700441                    /home/maulana/.gradle/wrapper/dists/gradle-2.14.1-all/8bnwg5hd3w55iofp58khbp6yv/gradle-2.14.1/lib/native-platform-osx-amd64-0.10.jar
7f4f980e3000-7f4f980e4000 r--s 00002000 08:07 3700440                    /home/maulana/.gradle/wrapper/dists/gradle-2.14.1-all/8bnwg5hd3w55iofp58khbp6yv/gradle-2.14.1/lib/native-platform-osx-i386-0.10.jar
7f4f980e4000-7f4f980e6000 r--s 00008000 08:07 3700434                    /home/maulana/.gradle/wrapper/dists/gradle-2.14.1-all/8bnwg5hd3w55iofp58khbp6yv/gradle-2.14.1/lib/jansi-1.2.1.jar
7f4f980e6000-7f4f980e9000 r--s 0000d000 08:07 3700433                    /home/maulana/.gradle/wrapper/dists/gradle-2.14.1-all/8bnwg5hd3w55iofp58khbp6yv/gradle-2.14.1/lib/native-platform-0.10.jar
7f4f980e9000-7f4f980ed000 r--s 000e4000 08:07 3700432                    /home/maulana/.gradle/wrapper/dists/gradle-2.14.1-all/8bnwg5hd3w55iofp58khbp6yv/gradle-2.14.1/lib/jna-3.2.7.jar
7f4f980ed000-7f4f980ef000 r--s 00009000 08:07 3700410                    /home/maulana/.gradle/wrapper/dists/gradle-2.14.1-all/8bnwg5hd3w55iofp58khbp6yv/gradle-2.14.1/lib/gradle-native-2.14.1.jar
7f4f980ef000-7f4f980fe000 r--s 00080000 08:07 3700416                    /home/maulana/.gradle/wrapper/dists/gradle-2.14.1-all/8bnwg5hd3w55iofp58khbp6yv/gradle-2.14.1/lib/gradle-model-core-2.14.1.jar
7f4f980fe000-7f4f9810b000 r--s 00083000 08:07 3700420                    /home/maulana/.gradle/wrapper/dists/gradle-2.14.1-all/8bnwg5hd3w55iofp58khbp6yv/gradle-2.14.1/lib/commons-collections-3.2.2.jar
7f4f9810b000-7f4f9817a000 r--s 0063e000 08:07 3700415                    /home/maulana/.gradle/wrapper/dists/gradle-2.14.1-all/8bnwg5hd3w55iofp58khbp6yv/gradle-2.14.1/lib/groovy-all-2.4.4.jar
7f4f9817a000-7f4f981a2000 r--s 001cf000 08:07 3700412                    /home/maulana/.gradle/wrapper/dists/gradle-2.14.1-all/8bnwg5hd3w55iofp58khbp6yv/gradle-2.14.1/lib/guava-jdk5-17.0.jar
7f4f981a2000-7f4f981c1000 r--s 001d1000 08:07 3700419                    /home/maulana/.gradle/wrapper/dists/gradle-2.14.1-all/8bnwg5hd3w55iofp58khbp6yv/gradle-2.14.1/lib/ant-1.9.6.jar
7f4f981c1000-7f4f981f8000 r--s 001bd000 08:07 3700406                    /home/maulana/.gradle/wrapper/dists/gradle-2.14.1-all/8bnwg5hd3w55iofp58khbp6yv/gradle-2.14.1/lib/gradle-core-2.14.1.jar
7f4f981f8000-7f4f98209000 r-xp 00000000 08:07 538748                     /usr/lib/jvm/java-8-oracle/jre/lib/amd64/libnio.so
7f4f98209000-7f4f98408000 ---p 00011000 08:07 538748                     /usr/lib/jvm/java-8-oracle/jre/lib/amd64/libnio.so
7f4f98408000-7f4f98409000 rw-p 00010000 08:07 538748                     /usr/lib/jvm/java-8-oracle/jre/lib/amd64/libnio.so
7f4f98409000-7f4f9843a000 rw-p 00000000 00:00 0 
7f4f9843a000-7f4f98450000 r-xp 00000000 08:07 538774                     /usr/lib/jvm/java-8-oracle/jre/lib/amd64/libnet.so
7f4f98450000-7f4f98650000 ---p 00016000 08:07 538774                     /usr/lib/jvm/java-8-oracle/jre/lib/amd64/libnet.so
7f4f98650000-7f4f98651000 rw-p 00016000 08:07 538774                     /usr/lib/jvm/java-8-oracle/jre/lib/amd64/libnet.so
7f4f98651000-7f4f98652000 ---p 00000000 00:00 0 
7f4f98652000-7f4f98752000 rw-p 00000000 00:00 0 
7f4f98752000-7f4f98755000 ---p 00000000 00:00 0 
7f4f98755000-7f4f98853000 rw-p 00000000 00:00 0 
7f4f98853000-7f4f98856000 ---p 00000000 00:00 0 
7f4f98856000-7f4f98954000 rw-p 00000000 00:00 0 
7f4f98954000-7f4f98957000 ---p 00000000 00:00 0 
7f4f98957000-7f4f98a55000 rw-p 00000000 00:00 0 
7f4f98a55000-7f4f98a58000 ---p 00000000 00:00 0 
7f4f98a58000-7f4f98b56000 rw-p 00000000 00:00 0 
7f4f98b56000-7f4f98b59000 ---p 00000000 00:00 0 
7f4f98b59000-7f4f98c57000 rw-p 00000000 00:00 0 
7f4f98c57000-7f4f9933a000 r--p 00000000 08:07 269742                     /usr/lib/locale/locale-archive
7f4f9933a000-7f4f9933d000 ---p 00000000 00:00 0 
7f4f9933d000-7f4f9943b000 rw-p 00000000 00:00 0 
7f4f9943b000-7f4f9943e000 ---p 00000000 00:00 0 
7f4f9943e000-7f4f9953c000 rw-p 00000000 00:00 0 
7f4f9953c000-7f4f9953d000 ---p 00000000 00:00 0 
7f4f9953d000-7f4f9a5af000 rw-p 00000000 00:00 0 
7f4f9a5af000-7f4f9a788000 r--s 03d3e000 08:07 538840                     /usr/lib/jvm/java-8-oracle/jre/lib/rt.jar
7f4f9a788000-7f4f9b355000 rw-p 00000000 00:00 0 
7f4f9b355000-7f4f9b356000 ---p 00000000 00:00 0 
7f4f9b356000-7f4f9b456000 rw-p 00000000 00:00 0 
7f4f9b456000-7f4f9b457000 ---p 00000000 00:00 0 
7f4f9b457000-7f4f9b557000 rw-p 00000000 00:00 0 
7f4f9b557000-7f4f9b558000 ---p 00000000 00:00 0 
7f4f9b558000-7f4f9b658000 rw-p 00000000 00:00 0 
7f4f9b658000-7f4f9b659000 ---p 00000000 00:00 0 
7f4f9b659000-7f4f9b782000 rw-p 00000000 00:00 0 
7f4f9b782000-7f4f9b9e2000 ---p 00000000 00:00 0 
7f4f9b9e2000-7f4f9ba0b000 rw-p 00000000 00:00 0 
7f4f9ba0b000-7f4f9bc6a000 ---p 00000000 00:00 0 
7f4f9bc6a000-7f4f9bc8f000 rw-p 00000000 00:00 0 
7f4f9bc8f000-7f4f9bdaf000 ---p 00000000 00:00 0 
7f4f9bdaf000-7f4f9bdc7000 rw-p 00000000 00:00 0 
7f4f9bdc7000-7f4f9c170000 ---p 00000000 00:00 0 
7f4f9c170000-7f4f9c700000 rwxp 00000000 00:00 0 
7f4f9c700000-7f4fab170000 ---p 00000000 00:00 0 
7f4fab170000-7f4fab18a000 r-xp 00000000 08:07 538770                     /usr/lib/jvm/java-8-oracle/jre/lib/amd64/libzip.so
7f4fab18a000-7f4fab38a000 ---p 0001a000 08:07 538770                     /usr/lib/jvm/java-8-oracle/jre/lib/amd64/libzip.so
7f4fab38a000-7f4fab38b000 rw-p 0001a000 08:07 538770                     /usr/lib/jvm/java-8-oracle/jre/lib/amd64/libzip.so
7f4fab38b000-7f4fab395000 r-xp 00000000 08:07 2236035                    /lib/x86_64-linux-gnu/libnss_files-2.19.so
7f4fab395000-7f4fab594000 ---p 0000a000 08:07 2236035                    /lib/x86_64-linux-gnu/libnss_files-2.19.so
7f4fab594000-7f4fab595000 r--p 00009000 08:07 2236035                    /lib/x86_64-linux-gnu/libnss_files-2.19.so
7f4fab595000-7f4fab596000 rw-p 0000a000 08:07 2236035                    /lib/x86_64-linux-gnu/libnss_files-2.19.so
7f4fab596000-7f4fab5a1000 r-xp 00000000 08:07 2236020                    /lib/x86_64-linux-gnu/libnss_nis-2.19.so
7f4fab5a1000-7f4fab7a0000 ---p 0000b000 08:07 2236020                    /lib/x86_64-linux-gnu/libnss_nis-2.19.so
7f4fab7a0000-7f4fab7a1000 r--p 0000a000 08:07 2236020                    /lib/x86_64-linux-gnu/libnss_nis-2.19.so
7f4fab7a1000-7f4fab7a2000 rw-p 0000b000 08:07 2236020                    /lib/x86_64-linux-gnu/libnss_nis-2.19.so
7f4fab7a2000-7f4fab7b9000 r-xp 00000000 08:07 2236029                    /lib/x86_64-linux-gnu/libnsl-2.19.so
7f4fab7b9000-7f4fab9b8000 ---p 00017000 08:07 2236029                    /lib/x86_64-linux-gnu/libnsl-2.19.so
7f4fab9b8000-7f4fab9b9000 r--p 00016000 08:07 2236029                    /lib/x86_64-linux-gnu/libnsl-2.19.so
7f4fab9b9000-7f4fab9ba000 rw-p 00017000 08:07 2236029                    /lib/x86_64-linux-gnu/libnsl-2.19.so
7f4fab9ba000-7f4fab9bc000 rw-p 00000000 00:00 0 
7f4fab9bc000-7f4fab9c5000 r-xp 00000000 08:07 2236027                    /lib/x86_64-linux-gnu/libnss_compat-2.19.so
7f4fab9c5000-7f4fabbc4000 ---p 00009000 08:07 2236027                    /lib/x86_64-linux-gnu/libnss_compat-2.19.so
7f4fabbc4000-7f4fabbc5000 r--p 00008000 08:07 2236027                    /lib/x86_64-linux-gnu/libnss_compat-2.19.so
7f4fabbc5000-7f4fabbc6000 rw-p 00009000 08:07 2236027                    /lib/x86_64-linux-gnu/libnss_compat-2.19.so
7f4fabbc6000-7f4fabbf1000 r-xp 00000000 08:07 538784                     /usr/lib/jvm/java-8-oracle/jre/lib/amd64/libjava.so
7f4fabbf1000-7f4fabdf0000 ---p 0002b000 08:07 538784                     /usr/lib/jvm/java-8-oracle/jre/lib/amd64/libjava.so
7f4fabdf0000-7f4fabdf2000 rw-p 0002a000 08:07 538784                     /usr/lib/jvm/java-8-oracle/jre/lib/amd64/libjava.so
7f4fabdf2000-7f4fabdff000 r-xp 00000000 08:07 538802                     /usr/lib/jvm/java-8-oracle/jre/lib/amd64/libverify.so
7f4fabdff000-7f4fabffe000 ---p 0000d000 08:07 538802                     /usr/lib/jvm/java-8-oracle/jre/lib/amd64/libverify.so
7f4fabffe000-7f4fac000000 rw-p 0000c000 08:07 538802                     /usr/lib/jvm/java-8-oracle/jre/lib/amd64/libverify.so
7f4fac000000-7f4fad9f2000 rw-p 00000000 00:00 0 
7f4fad9f2000-7f4fb0000000 ---p 00000000 00:00 0 
7f4fb0000000-7f4fb0002000 r--s 00005000 08:07 3700407                    /home/maulana/.gradle/wrapper/dists/gradle-2.14.1-all/8bnwg5hd3w55iofp58khbp6yv/gradle-2.14.1/lib/gradle-cli-2.14.1.jar
7f4fb0002000-7f4fb0004000 r--s 00007000 08:07 3700417                    /home/maulana/.gradle/wrapper/dists/gradle-2.14.1-all/8bnwg5hd3w55iofp58khbp6yv/gradle-2.14.1/lib/gradle-model-groovy-2.14.1.jar
7f4fb0004000-7f4fb0005000 r--s 00006000 08:07 3700424                    /home/maulana/.gradle/wrapper/dists/gradle-2.14.1-all/8bnwg5hd3w55iofp58khbp6yv/gradle-2.14.1/lib/gradle-base-services-groovy-2.14.1.jar
7f4fb0005000-7f4fb0006000 r--s 00002000 08:07 3700428                    /home/maulana/.gradle/wrapper/dists/gradle-2.14.1-all/8bnwg5hd3w55iofp58khbp6yv/gradle-2.14.1/lib/gradle-docs-2.14.1.jar
7f4fb0006000-7f4fb0007000 r--s 00000000 08:07 3700423                    /home/maulana/.gradle/wrapper/dists/gradle-2.14.1-all/8bnwg5hd3w55iofp58khbp6yv/gradle-2.14.1/lib/javax.inject-1.jar
7f4fb0007000-7f4fb000b000 r--s 00027000 08:07 3700421                    /home/maulana/.gradle/wrapper/dists/gradle-2.14.1-all/8bnwg5hd3w55iofp58khbp6yv/gradle-2.14.1/lib/commons-io-2.2.jar
7f4fb000b000-7f4fb0010000 r--s 00038000 08:07 3700418                    /home/maulana/.gradle/wrapper/dists/gradle-2.14.1-all/8bnwg5hd3w55iofp58khbp6yv/gradle-2.14.1/lib/asm-all-5.1.jar
7f4fb0010000-7f4fb00f6000 rw-p 00000000 00:00 0 
7f4fb00f6000-7f4fb00fd000 r-xp 00000000 08:07 2236017                    /lib/x86_64-linux-gnu/librt-2.19.so
7f4fb00fd000-7f4fb02fc000 ---p 00007000 08:07 2236017                    /lib/x86_64-linux-gnu/librt-2.19.so
7f4fb02fc000-7f4fb02fd000 r--p 00006000 08:07 2236017                    /lib/x86_64-linux-gnu/librt-2.19.so
7f4fb02fd000-7f4fb02fe000 rw-p 00007000 08:07 2236017                    /lib/x86_64-linux-gnu/librt-2.19.so
7f4fb02fe000-7f4fb0403000 r-xp 00000000 08:07 2236030                    /lib/x86_64-linux-gnu/libm-2.19.so
7f4fb0403000-7f4fb0602000 ---p 00105000 08:07 2236030                    /lib/x86_64-linux-gnu/libm-2.19.so
7f4fb0602000-7f4fb0603000 r--p 00104000 08:07 2236030                    /lib/x86_64-linux-gnu/libm-2.19.so
7f4fb0603000-7f4fb0604000 rw-p 00105000 08:07 2236030                    /lib/x86_64-linux-gnu/libm-2.19.so
7f4fb0604000-7f4fb12d2000 r-xp 00000000 08:07 538790                     /usr/lib/jvm/java-8-oracle/jre/lib/amd64/server/libjvm.so
7f4fb12d2000-7f4fb14d2000 ---p 00cce000 08:07 538790                     /usr/lib/jvm/java-8-oracle/jre/lib/amd64/server/libjvm.so
7f4fb14d2000-7f4fb15ab000 rw-p 00cce000 08:07 538790                     /usr/lib/jvm/java-8-oracle/jre/lib/amd64/server/libjvm.so
7f4fb15ab000-7f4fb15f6000 rw-p 00000000 00:00 0 
7f4fb15f6000-7f4fb17b4000 r-xp 00000000 08:07 2236026                    /lib/x86_64-linux-gnu/libc-2.19.so
7f4fb17b4000-7f4fb19b3000 ---p 001be000 08:07 2236026                    /lib/x86_64-linux-gnu/libc-2.19.so
7f4fb19b3000-7f4fb19b7000 r--p 001bd000 08:07 2236026                    /lib/x86_64-linux-gnu/libc-2.19.so
7f4fb19b7000-7f4fb19b9000 rw-p 001c1000 08:07 2236026                    /lib/x86_64-linux-gnu/libc-2.19.so
7f4fb19b9000-7f4fb19be000 rw-p 00000000 00:00 0 
7f4fb19be000-7f4fb19c1000 r-xp 00000000 08:07 2236036                    /lib/x86_64-linux-gnu/libdl-2.19.so
7f4fb19c1000-7f4fb1bc0000 ---p 00003000 08:07 2236036                    /lib/x86_64-linux-gnu/libdl-2.19.so
7f4fb1bc0000-7f4fb1bc1000 r--p 00002000 08:07 2236036                    /lib/x86_64-linux-gnu/libdl-2.19.so
7f4fb1bc1000-7f4fb1bc2000 rw-p 00003000 08:07 2236036                    /lib/x86_64-linux-gnu/libdl-2.19.so
7f4fb1bc2000-7f4fb1bd7000 r-xp 00000000 08:07 536993                     /usr/lib/jvm/java-8-oracle/lib/amd64/jli/libjli.so
7f4fb1bd7000-7f4fb1dd7000 ---p 00015000 08:07 536993                     /usr/lib/jvm/java-8-oracle/lib/amd64/jli/libjli.so
7f4fb1dd7000-7f4fb1dd8000 rw-p 00015000 08:07 536993                     /usr/lib/jvm/java-8-oracle/lib/amd64/jli/libjli.so
7f4fb1dd8000-7f4fb1df1000 r-xp 00000000 08:07 2236037                    /lib/x86_64-linux-gnu/libpthread-2.19.so
7f4fb1df1000-7f4fb1ff0000 ---p 00019000 08:07 2236037                    /lib/x86_64-linux-gnu/libpthread-2.19.so
7f4fb1ff0000-7f4fb1ff1000 r--p 00018000 08:07 2236037                    /lib/x86_64-linux-gnu/libpthread-2.19.so
7f4fb1ff1000-7f4fb1ff2000 rw-p 00019000 08:07 2236037                    /lib/x86_64-linux-gnu/libpthread-2.19.so
7f4fb1ff2000-7f4fb1ff6000 rw-p 00000000 00:00 0 
7f4fb1ff6000-7f4fb2019000 r-xp 00000000 08:07 2236034                    /lib/x86_64-linux-gnu/ld-2.19.so
7f4fb2019000-7f4fb201a000 r--s 00000000 08:07 3700422                    /home/maulana/.gradle/wrapper/dists/gradle-2.14.1-all/8bnwg5hd3w55iofp58khbp6yv/gradle-2.14.1/lib/jcip-annotations-1.0.jar
7f4fb201a000-7f4fb201b000 r--s 00001000 08:07 3700414                    /home/maulana/.gradle/wrapper/dists/gradle-2.14.1-all/8bnwg5hd3w55iofp58khbp6yv/gradle-2.14.1/lib/gradle-process-services-2.14.1.jar
7f4fb201b000-7f4fb201c000 r--s 00000000 08:07 3700405                    /home/maulana/.gradle/wrapper/dists/gradle-2.14.1-all/8bnwg5hd3w55iofp58khbp6yv/gradle-2.14.1/lib/gradle-jvm-services-2.14.1.jar
7f4fb201c000-7f4fb2021000 r--s 00041000 08:07 3700413                    /home/maulana/.gradle/wrapper/dists/gradle-2.14.1-all/8bnwg5hd3w55iofp58khbp6yv/gradle-2.14.1/lib/commons-lang-2.6.jar
7f4fb2021000-7f4fb202c000 r--s 00051000 08:07 3700401                    /home/maulana/.gradle/wrapper/dists/gradle-2.14.1-all/8bnwg5hd3w55iofp58khbp6yv/gradle-2.14.1/lib/gradle-launcher-2.14.1.jar
7f4fb202c000-7f4fb20f7000 rw-p 00000000 00:00 0 
7f4fb20f7000-7f4fb20fa000 ---p 00000000 00:00 0 
7f4fb20fa000-7f4fb21fc000 rw-p 00000000 00:00 0 
7f4fb21fc000-7f4fb21fd000 r--s 00007000 08:07 3700411                    /home/maulana/.gradle/wrapper/dists/gradle-2.14.1-all/8bnwg5hd3w55iofp58khbp6yv/gradle-2.14.1/lib/slf4j-api-1.7.10.jar
7f4fb21fd000-7f4fb21fe000 r--s 00004000 08:07 3700435                    /home/maulana/.gradle/wrapper/dists/gradle-2.14.1-all/8bnwg5hd3w55iofp58khbp6yv/gradle-2.14.1/lib/ant-launcher-1.9.6.jar
7f4fb21fe000-7f4fb2206000 r--s 0003a000 08:07 3700404                    /home/maulana/.gradle/wrapper/dists/gradle-2.14.1-all/8bnwg5hd3w55iofp58khbp6yv/gradle-2.14.1/lib/gradle-base-services-2.14.1.jar
7f4fb2206000-7f4fb220a000 r--s 0009a000 08:07 538644                     /usr/lib/jvm/java-8-oracle/jre/lib/jsse.jar
7f4fb220a000-7f4fb220c000 r--s 0000b000 08:07 3765537                    /home/maulana/Desktop/react-rumah/nytimes/android/gradle/wrapper/gradle-wrapper.jar
7f4fb220c000-7f4fb2214000 rw-s 00000000 08:07 1594815                    /tmp/hsperfdata_maulana/8096
7f4fb2214000-7f4fb2215000 rw-p 00000000 00:00 0 
7f4fb2215000-7f4fb2216000 r--p 00000000 00:00 0 
7f4fb2216000-7f4fb2218000 rw-p 00000000 00:00 0 
7f4fb2218000-7f4fb2219000 r--p 00022000 08:07 2236034                    /lib/x86_64-linux-gnu/ld-2.19.so
7f4fb2219000-7f4fb221a000 rw-p 00023000 08:07 2236034                    /lib/x86_64-linux-gnu/ld-2.19.so
7f4fb221a000-7f4fb221b000 rw-p 00000000 00:00 0 
7ffe2f2c7000-7ffe2f2e9000 rw-p 00000000 00:00 0                          [stack]
7ffe2f396000-7ffe2f398000 r--p 00000000 00:00 0                          [vvar]
7ffe2f398000-7ffe2f39a000 r-xp 00000000 00:00 0                          [vdso]
ffffffffff600000-ffffffffff601000 r-xp 00000000 00:00 0                  [vsyscall]

VM Arguments:
jvm_args: -Dorg.gradle.appname=gradlew 
java_command: org.gradle.wrapper.GradleWrapperMain installDebug
java_class_path (initial): /home/maulana/Desktop/react-rumah/nytimes/android/gradle/wrapper/gradle-wrapper.jar
Launcher Type: SUN_STANDARD

Environment Variables:
JAVA_HOME=/usr/lib/jvm/java-8-oracle/
PATH=/usr/local/heroku/bin:/home/maulana/.local/bin:/usr/local/sbin:/usr/local/bin:/usr/sbin:/usr/bin:/sbin:/bin:/usr/games:/usr/local/games:/usr/lib/jvm/java-8-oracle/bin:/usr/lib/jvm/java-8-oracle/db/bin:/usr/lib/jvm/java-8-oracle/jre/bin:/home/maulana/bin:/usr/lib/jvm/java-8-oracle//bin:/home/maulana/Android/Sdk/tools:/home/maulana/Android/Sdk/platform-tools
SHELL=/bin/bash
DISPLAY=:0

Signal Handlers:
SIGSEGV: [libjvm.so+0xac78c0], sa_mask[0]=11111111011111111101111111111110, sa_flags=SA_RESTART|SA_SIGINFO
SIGBUS: [libjvm.so+0xac78c0], sa_mask[0]=11111111011111111101111111111110, sa_flags=SA_RESTART|SA_SIGINFO
SIGFPE: [libjvm.so+0x920ac0], sa_mask[0]=11111111011111111101111111111110, sa_flags=SA_RESTART|SA_SIGINFO
SIGPIPE: [libjvm.so+0x920ac0], sa_mask[0]=11111111011111111101111111111110, sa_flags=SA_RESTART|SA_SIGINFO
SIGXFSZ: [libjvm.so+0x920ac0], sa_mask[0]=11111111011111111101111111111110, sa_flags=SA_RESTART|SA_SIGINFO
SIGILL: [libjvm.so+0x920ac0], sa_mask[0]=11111111011111111101111111111110, sa_flags=SA_RESTART|SA_SIGINFO
SIGUSR1: SIG_DFL, sa_mask[0]=00000000000000000000000000000000, sa_flags=none
SIGUSR2: [libjvm.so+0x922300], sa_mask[0]=00000000000000000000000000000000, sa_flags=SA_RESTART|SA_SIGINFO
SIGHUP: [libjvm.so+0x923700], sa_mask[0]=11111111011111111101111111111110, sa_flags=SA_RESTART|SA_SIGINFO
SIGINT: [libjvm.so+0x923700], sa_mask[0]=11111111011111111101111111111110, sa_flags=SA_RESTART|SA_SIGINFO
SIGTERM: [libjvm.so+0x923700], sa_mask[0]=11111111011111111101111111111110, sa_flags=SA_RESTART|SA_SIGINFO
SIGQUIT: [libjvm.so+0x923700], sa_mask[0]=11111111011111111101111111111110, sa_flags=SA_RESTART|SA_SIGINFO


---------------  S Y S T E M  ---------------

OS:DISTRIB_ID=Ubuntu
DISTRIB_RELEASE=14.04
DISTRIB_CODENAME=trusty
DISTRIB_DESCRIPTION="Ubuntu 14.04.5 LTS"

uname:Linux 4.4.0-75-generic #96~14.04.1-Ubuntu SMP Thu Apr 20 11:06:30 UTC 2017 x86_64
libc:glibc 2.19 NPTL 2.19 
rlimit: STACK 8192k, CORE 0k, NPROC 31019, NOFILE 4096, AS infinity
load average:3,47 2,02 1,16

/proc/meminfo:
MemTotal:        7966412 kB
MemFree:          134428 kB
MemAvailable:    2329300 kB
Buffers:          292000 kB
Cached:          2703428 kB
SwapCached:            0 kB
Active:          5366432 kB
Inactive:        2097688 kB
Active(anon):    4463968 kB
Inactive(anon):   711660 kB
Active(file):     902464 kB
Inactive(file):  1386028 kB
Unevictable:         572 kB
Mlocked:             572 kB
SwapTotal:      10741756 kB
SwapFree:       10741692 kB
Dirty:             11616 kB
Writeback:             0 kB
AnonPages:       4469540 kB
Mapped:           558884 kB
Shmem:            706660 kB
Slab:             250460 kB
SReclaimable:     211824 kB
SUnreclaim:        38636 kB
KernelStack:       12528 kB
PageTables:        47892 kB
NFS_Unstable:          0 kB
Bounce:                0 kB
WritebackTmp:          0 kB
CommitLimit:    14724960 kB
Committed_AS:   10657872 kB
VmallocTotal:   34359738367 kB
VmallocUsed:           0 kB
VmallocChunk:          0 kB
HardwareCorrupted:     0 kB
AnonHugePages:   2258944 kB
CmaTotal:              0 kB
CmaFree:               0 kB
HugePages_Total:       0
HugePages_Free:        0
HugePages_Rsvd:        0
HugePages_Surp:        0
Hugepagesize:       2048 kB
DirectMap4k:      159800 kB
DirectMap2M:     8019968 kB


CPU:total 4 (2 cores per cpu, 2 threads per core) family 6 model 37 stepping 5, cmov, cx8, fxsr, mmx, sse, sse2, sse3, ssse3, sse4.1, sse4.2, popcnt, aes, clmul, ht, tsc, tscinvbit

/proc/cpuinfo:
processor	: 0
vendor_id	: GenuineIntel
cpu family	: 6
model		: 37
model name	: Intel(R) Core(TM) i5 CPU       M 520  @ 2.40GHz
stepping	: 5
microcode	: 0x2
cpu MHz		: 1199.000
cache size	: 3072 KB
physical id	: 0
siblings	: 4
core id		: 0
cpu cores	: 2
apicid		: 0
initial apicid	: 0
fpu		: yes
fpu_exception	: yes
cpuid level	: 11
wp		: yes
flags		: fpu vme de pse tsc msr pae mce cx8 apic sep mtrr pge mca cmov pat pse36 clflush dts acpi mmx fxsr sse sse2 ss ht tm pbe syscall nx rdtscp lm constant_tsc arch_perfmon pebs bts rep_good nopl xtopology nonstop_tsc aperfmperf pni pclmulqdq dtes64 monitor ds_cpl vmx smx est tm2 ssse3 cx16 xtpr pdcm pcid sse4_1 sse4_2 popcnt aes lahf_lm tpr_shadow vnmi flexpriority ept vpid dtherm ida arat
bugs		:
bogomips	: 4788.30
clflush size	: 64
cache_alignment	: 64
address sizes	: 36 bits physical, 48 bits virtual
power management:

processor	: 1
vendor_id	: GenuineIntel
cpu family	: 6
model		: 37
model name	: Intel(R) Core(TM) i5 CPU       M 520  @ 2.40GHz
stepping	: 5
microcode	: 0x2
cpu MHz		: 1199.000
cache size	: 3072 KB
physical id	: 0
siblings	: 4
core id		: 0
cpu cores	: 2
apicid		: 1
initial apicid	: 1
fpu		: yes
fpu_exception	: yes
cpuid level	: 11
wp		: yes
flags		: fpu vme de pse tsc msr pae mce cx8 apic sep mtrr pge mca cmov pat pse36 clflush dts acpi mmx fxsr sse sse2 ss ht tm pbe syscall nx rdtscp lm constant_tsc arch_perfmon pebs bts rep_good nopl xtopology nonstop_tsc aperfmperf pni pclmulqdq dtes64 monitor ds_cpl vmx smx est tm2 ssse3 cx16 xtpr pdcm pcid sse4_1 sse4_2 popcnt aes lahf_lm tpr_shadow vnmi flexpriority ept vpid dtherm ida arat
bugs		:
bogomips	: 4788.30
clflush size	: 64
cache_alignment	: 64
address sizes	: 36 bits physical, 48 bits virtual
power management:

processor	: 2
vendor_id	: GenuineIntel
cpu family	: 6
model		: 37
model name	: Intel(R) Core(TM) i5 CPU       M 520  @ 2.40GHz
stepping	: 5
microcode	: 0x2
cpu MHz		: 1199.000
cache size	: 3072 KB
physical id	: 0
siblings	: 4
core id		: 2
cpu cores	: 2
apicid		: 4
initial apicid	: 4
fpu		: yes
fpu_exception	: yes
cpuid level	: 11
wp		: yes
flags		: fpu vme de pse tsc msr pae mce cx8 apic sep mtrr pge mca cmov pat pse36 clflush dts acpi mmx fxsr sse sse2 ss ht tm pbe syscall nx rdtscp lm constant_tsc arch_perfmon pebs bts rep_good nopl xtopology nonstop_tsc aperfmperf pni pclmulqdq dtes64 monitor ds_cpl vmx smx est tm2 ssse3 cx16 xtpr pdcm pcid sse4_1 sse4_2 popcnt aes lahf_lm tpr_shadow vnmi flexpriority ept vpid dtherm ida arat
bugs		:
bogomips	: 4788.30
clflush size	: 64
cache_alignment	: 64
address sizes	: 36 bits physical, 48 bits virtual
power management:

processor	: 3
vendor_id	: GenuineIntel
cpu family	: 6
model		: 37
model name	: Intel(R) Core(TM) i5 CPU       M 520  @ 2.40GHz
stepping	: 5
microcode	: 0x2
cpu MHz		: 1199.000
cache size	: 3072 KB
physical id	: 0
siblings	: 4
core id		: 2
cpu cores	: 2
apicid		: 5
initial apicid	: 5
fpu		: yes
fpu_exception	: yes
cpuid level	: 11
wp		: yes
flags		: fpu vme de pse tsc msr pae mce cx8 apic sep mtrr pge mca cmov pat pse36 clflush dts acpi mmx fxsr sse sse2 ss ht tm pbe syscall nx rdtscp lm constant_tsc arch_perfmon pebs bts rep_good nopl xtopology nonstop_tsc aperfmperf pni pclmulqdq dtes64 monitor ds_cpl vmx smx est tm2 ssse3 cx16 xtpr pdcm pcid sse4_1 sse4_2 popcnt aes lahf_lm tpr_shadow vnmi flexpriority ept vpid dtherm ida arat
bugs		:
bogomips	: 4788.30
clflush size	: 64
cache_alignment	: 64
address sizes	: 36 bits physical, 48 bits virtual
power management:



Memory: 4k page, physical 7966412k(134428k free), swap 10741756k(10741692k free)

vm_info: Java HotSpot(TM) 64-Bit Server VM (25.121-b13) for linux-amd64 JRE (1.8.0_121-b13), built on Dec 12 2016 16:36:53 by "java_re" with gcc 4.3.0 20080428 (Red Hat 4.3.0-8)

time: Thu Jun  1 14:32:56 2017
elapsed time: 7 seconds (0d 0h 0m 7s)

